   1               		.file	"main.cpp"
   2               	__SP_H__ = 0x3e
   3               	__SP_L__ = 0x3d
   4               	__SREG__ = 0x3f
   5               	__tmp_reg__ = 0
   6               	__zero_reg__ = 1
   7               		.text
   8               	.Ltext0:
   9               		.cfi_sections	.debug_frame
  10               	.global	_Z23mfrc522_get_card_serialPh
  12               	_Z23mfrc522_get_card_serialPh:
  13               	.LVL0:
  14               	.LFB12:
  15               		.file 1 "main.cpp"
   1:main.cpp      **** #include <avr/io.h>
   2:main.cpp      **** #include <util/delay.h>
   3:main.cpp      **** 
   4:main.cpp      **** #include <stdio.h>
   5:main.cpp      **** #include "ATMega32_utility_bib.h"
   6:main.cpp      **** #include "rfid.h"
   7:main.cpp      **** #include "can.h"
   8:main.cpp      **** 
   9:main.cpp      **** 
  10:main.cpp      **** // UID S50 Mifare 1K Chip auslesen
  11:main.cpp      **** uint8_t mfrc522_get_card_serial(uint8_t * serial_out)
  12:main.cpp      **** {
  16               		.loc 1 12 1 view -0
  17               		.cfi_startproc
  18               		.loc 1 12 1 is_stmt 0 view .LVU1
  19 0000 EF92      		push r14
  20               	.LCFI0:
  21               		.cfi_def_cfa_offset 3
  22               		.cfi_offset 14, -2
  23 0002 FF92      		push r15
  24               	.LCFI1:
  25               		.cfi_def_cfa_offset 4
  26               		.cfi_offset 15, -3
  27 0004 0F93      		push r16
  28               	.LCFI2:
  29               		.cfi_def_cfa_offset 5
  30               		.cfi_offset 16, -4
  31 0006 1F93      		push r17
  32               	.LCFI3:
  33               		.cfi_def_cfa_offset 6
  34               		.cfi_offset 17, -5
  35 0008 CF93      		push r28
  36               	.LCFI4:
  37               		.cfi_def_cfa_offset 7
  38               		.cfi_offset 28, -6
  39 000a DF93      		push r29
  40               	.LCFI5:
  41               		.cfi_def_cfa_offset 8
  42               		.cfi_offset 29, -7
  43 000c 00D0      		rcall .
  44 000e 00D0      		rcall .
  45               	.LCFI6:
  46               		.cfi_def_cfa_offset 12
  47 0010 CDB7      		in r28,__SP_L__
  48 0012 DEB7      		in r29,__SP_H__
  49               	.LCFI7:
  50               		.cfi_def_cfa_register 28
  51               	/* prologue: function */
  52               	/* frame size = 4 */
  53               	/* stack size = 10 */
  54               	.L__stack_usage = 10
  55 0014 7C01      		movw r14,r24
  13:main.cpp      **** 
  14:main.cpp      ****     uint8_t status;
  56               		.loc 1 14 5 is_stmt 1 view .LVU2
  15:main.cpp      ****     uint8_t i;
  57               		.loc 1 15 5 view .LVU3
  16:main.cpp      ****     uint8_t serNumCheck=0;
  58               		.loc 1 16 5 view .LVU4
  59               	.LVL1:
  17:main.cpp      ****     uint32_t unLen;
  60               		.loc 1 17 5 view .LVU5
  18:main.cpp      ****     
  19:main.cpp      **** 	mfrc522_write(BitFramingReg, 0x00);		//TxLastBists = BitFramingReg[2..0]
  61               		.loc 1 19 2 view .LVU6
  62               		.loc 1 19 15 is_stmt 0 view .LVU7
  63 0016 60E0      		ldi r22,0
  64 0018 8DE0      		ldi r24,lo8(13)
  65               	.LVL2:
  66               		.loc 1 19 15 view .LVU8
  67 001a 0E94 0000 		call mfrc522_write
  68               	.LVL3:
  20:main.cpp      ****  
  21:main.cpp      ****     serial_out[0] = PICC_ANTICOLL;
  69               		.loc 1 21 5 is_stmt 1 view .LVU9
  70               		.loc 1 21 19 is_stmt 0 view .LVU10
  71 001e 83E9      		ldi r24,lo8(-109)
  72 0020 F701      		movw r30,r14
  73 0022 8083      		st Z,r24
  22:main.cpp      ****     serial_out[1] = 0x20;
  74               		.loc 1 22 5 is_stmt 1 view .LVU11
  75               		.loc 1 22 19 is_stmt 0 view .LVU12
  76 0024 80E2      		ldi r24,lo8(32)
  77 0026 8183      		std Z+1,r24
  23:main.cpp      ****     status = mfrc522_to_card(Transceive_CMD, serial_out, 2, serial_out, &unLen);
  78               		.loc 1 23 5 is_stmt 1 view .LVU13
  79               		.loc 1 23 29 is_stmt 0 view .LVU14
  80 0028 8E01      		movw r16,r28
  81 002a 0F5F      		subi r16,-1
  82 002c 1F4F      		sbci r17,-1
  83 002e 9701      		movw r18,r14
  84 0030 42E0      		ldi r20,lo8(2)
  85 0032 B701      		movw r22,r14
  86 0034 8CE0      		ldi r24,lo8(12)
  87 0036 0E94 0000 		call mfrc522_to_card
  88               	.LVL4:
  24:main.cpp      **** 
  25:main.cpp      ****     if (status == CARD_FOUND)
  89               		.loc 1 25 5 is_stmt 1 view .LVU15
  90 003a 8130      		cpi r24,lo8(1)
  91 003c 01F4      		brne .L1
  92 003e F701      		movw r30,r14
  93 0040 9701      		movw r18,r14
  94 0042 2C5F      		subi r18,-4
  95 0044 3F4F      		sbci r19,-1
  96               	.LBB10:
  97               	.LBB11:
  16:main.cpp      ****     uint32_t unLen;
  98               		.loc 1 16 13 is_stmt 0 view .LVU16
  99 0046 90E0      		ldi r25,0
 100               	.L3:
 101               	.LVL5:
  26:main.cpp      **** 	{
  27:main.cpp      **** 		//Check card serial number
  28:main.cpp      **** 		for (i=0; i<4; i++)
  29:main.cpp      **** 		{   
  30:main.cpp      **** 		 	serNumCheck ^= serial_out[i];
 102               		.loc 1 30 5 is_stmt 1 view .LVU17
 103               		.loc 1 30 32 is_stmt 0 view .LVU18
 104 0048 4191      		ld r20,Z+
 105               	.LVL6:
 106               		.loc 1 30 17 view .LVU19
 107 004a 9427      		eor r25,r20
 108               	.LVL7:
  28:main.cpp      **** 		{   
 109               		.loc 1 28 3 is_stmt 1 view .LVU20
  28:main.cpp      **** 		{   
 110               		.loc 1 28 14 view .LVU21
 111 004c E217      		cp r30,r18
 112 004e F307      		cpc r31,r19
 113 0050 01F4      		brne .L3
  31:main.cpp      **** 		}
  32:main.cpp      **** 		if (serNumCheck != serial_out[i])
 114               		.loc 1 32 3 view .LVU22
 115 0052 F701      		movw r30,r14
 116               	.LVL8:
 117               		.loc 1 32 3 is_stmt 0 view .LVU23
 118 0054 2481      		ldd r18,Z+4
 119 0056 9213      		cpse r25,r18
  33:main.cpp      **** 		{   
  34:main.cpp      **** 			status = ERROR;    
 120               		.loc 1 34 11 view .LVU24
 121 0058 83E0      		ldi r24,lo8(3)
 122               	.LVL9:
 123               		.loc 1 34 11 view .LVU25
 124               	.LBE11:
 125               	.LBE10:
  35:main.cpp      **** 		}
  36:main.cpp      ****     }
  37:main.cpp      ****     return status;
 126               		.loc 1 37 5 is_stmt 1 view .LVU26
 127               	.L1:
 128               	/* epilogue start */
  38:main.cpp      **** }
 129               		.loc 1 38 1 is_stmt 0 view .LVU27
 130 005a 0F90      		pop __tmp_reg__
 131 005c 0F90      		pop __tmp_reg__
 132 005e 0F90      		pop __tmp_reg__
 133 0060 0F90      		pop __tmp_reg__
 134 0062 DF91      		pop r29
 135 0064 CF91      		pop r28
 136 0066 1F91      		pop r17
 137 0068 0F91      		pop r16
 138 006a FF90      		pop r15
 139 006c EF90      		pop r14
 140               	.LVL10:
 141               		.loc 1 38 1 view .LVU28
 142 006e 0895      		ret
 143               		.cfi_endproc
 144               	.LFE12:
 146               		.section	.rodata.str1.1,"aMS",@progbits,1
 147               	.LC0:
 148 0000 5665 7273 		.string	"Version: 0x%x   READER FOUND"
 148      696F 6E3A 
 148      2030 7825 
 148      7820 2020 
 148      5245 4144 
 149               	.LC1:
 150 001d 5665 7273 		.string	"Version: 0x%x   READER NOT FOUND"
 150      696F 6E3A 
 150      2030 7825 
 150      7820 2020 
 150      5245 4144 
 151               	.LC2:
 152 003e 0A0D 00   		.string	"\n\r"
 153               	.LC3:
 154 0041 4341 5244 		.string	"CARD FOUND  "
 154      2046 4F55 
 154      4E44 2020 
 154      00
 155               	.LC4:
 156 004e 4D69 6661 		.string	"Mifare_One_S50 FOUND   "
 156      7265 5F4F 
 156      6E65 5F53 
 156      3530 2046 
 156      4F55 4E44 
 157               	.LC5:
 158 0066 5461 6754 		.string	"TagType: 0x%x%x "
 158      7970 653A 
 158      2030 7825 
 158      7825 7820 
 158      00
 159               	.LC6:
 160 0077 5549 443A 		.string	"UID: 0x%x%x%x%x "
 160      2030 7825 
 160      7825 7825 
 160      7825 7820 
 160      00
 161               	.LC7:
 162 0088 4341 5244 		.string	"CARD NOT FOUND"
 162      204E 4F54 
 162      2046 4F55 
 162      4E44 00
 163               	.LC8:
 164 0097 4341 4E5F 		.string	"CAN_Message mit der ID 0x%x empfangen "
 164      4D65 7373 
 164      6167 6520 
 164      6D69 7420 
 164      6465 7220 
 165               		.section	.text.startup,"ax",@progbits
 166               	.global	main
 168               	main:
 169               	.LFB13:
  39:main.cpp      **** 
  40:main.cpp      **** 
  41:main.cpp      **** 
  42:main.cpp      **** 
  43:main.cpp      **** int main ()
  44:main.cpp      **** {
 170               		.loc 1 44 1 is_stmt 1 view -0
 171               		.cfi_startproc
 172 0000 CDB7      		in r28,__SP_L__
 173 0002 DEB7      		in r29,__SP_H__
 174               	.LCFI8:
 175               		.cfi_def_cfa_register 28
 176 0004 C359      		subi r28,-109
 177 0006 D109      		sbc r29,__zero_reg__
 178               	.LCFI9:
 179               		.cfi_def_cfa_offset 149
 180 0008 0FB6      		in __tmp_reg__,__SREG__
 181 000a F894      		cli
 182 000c DEBF      		out __SP_H__,r29
 183 000e 0FBE      		out __SREG__,__tmp_reg__
 184 0010 CDBF      		out __SP_L__,r28
 185               	/* prologue: function */
 186               	/* frame size = 147 */
 187               	/* stack size = 147 */
 188               	.L__stack_usage = 147
  45:main.cpp      **** 	DDRC = 0xFF;			// LED-Port: output
 189               		.loc 1 45 2 view .LVU30
 190               		.loc 1 45 7 is_stmt 0 view .LVU31
 191 0012 8FEF      		ldi r24,lo8(-1)
 192 0014 84BB      		out 0x14,r24
  46:main.cpp      **** 	PORTC = 0xFF;			// LEDs aus
 193               		.loc 1 46 2 is_stmt 1 view .LVU32
 194               		.loc 1 46 8 is_stmt 0 view .LVU33
 195 0016 85BB      		out 0x15,r24
  47:main.cpp      **** 	
  48:main.cpp      **** 	can_init(BITRATE_500_KBPS);      // CAN init 500 kbit/s
 196               		.loc 1 48 2 is_stmt 1 view .LVU34
 197               		.loc 1 48 10 is_stmt 0 view .LVU35
 198 0018 86E0      		ldi r24,lo8(6)
 199 001a 0E94 0000 		call can_init
 200               	.LVL11:
  49:main.cpp      **** 	mfrc522_init();			// RC522 initialisieren 
 201               		.loc 1 49 2 is_stmt 1 view .LVU36
 202               		.loc 1 49 14 is_stmt 0 view .LVU37
 203 001e 0E94 0000 		call mfrc522_init
 204               	.LVL12:
  50:main.cpp      **** 	USART UART(8,0,1,9600);	// USART init 8 Zeichenbits , keien Paritätsbits , 1 Stoppbit, 9600 Zeich
 205               		.loc 1 50 2 is_stmt 1 view .LVU38
 206               		.loc 1 50 23 is_stmt 0 view .LVU39
 207 0022 10E8      		ldi r17,lo8(-128)
 208 0024 E12E      		mov r14,r17
 209 0026 15E2      		ldi r17,lo8(37)
 210 0028 F12E      		mov r15,r17
 211 002a 00E0      		ldi r16,0
 212 002c 10E0      		ldi r17,0
 213 002e 21E0      		ldi r18,lo8(1)
 214 0030 40E0      		ldi r20,0
 215 0032 68E0      		ldi r22,lo8(8)
 216 0034 CE01      		movw r24,r28
 217 0036 8357      		subi r24,115
 218 0038 9F4F      		sbci r25,-1
 219 003a 0E94 0000 		call _ZN5USARTC1Ehhhm
 220               	.LVL13:
  51:main.cpp      **** 	
  52:main.cpp      **** 	uint8_t status=0; 		// Statusbyte RFID Reader
 221               		.loc 1 52 2 is_stmt 1 view .LVU40
  53:main.cpp      **** 	uint8_t str[MAX_LEN];	        // Datenarray für ein Sektor (16 Byte)  (MIFARE S50)
 222               		.loc 1 53 2 view .LVU41
  54:main.cpp      **** 	char buffer[100];		// Buffer zur Zwschischenspeicherung von Zeichenketten
 223               		.loc 1 54 2 view .LVU42
  55:main.cpp      **** 	
  56:main.cpp      **** 	can_t resvmsg;          // Message-Objekt auf dem Stack anlegen
 224               		.loc 1 56 2 view .LVU43
  57:main.cpp      ****    	can_t sendmsg;          // Message-Objekt auf dem Stack anlegen
 225               		.loc 1 57 5 view .LVU44
  58:main.cpp      ****         sendmsg.id = 0x27;          // ID setzen, hier: dec 
 226               		.loc 1 58 9 view .LVU45
 227               		.loc 1 58 20 is_stmt 0 view .LVU46
 228 003e 87E2      		ldi r24,lo8(39)
 229 0040 90E0      		ldi r25,0
 230 0042 E796      		adiw r28,117-62
 231 0044 9FAF      		std Y+63,r25
 232 0046 8EAF      		std Y+62,r24
 233 0048 E797      		sbiw r28,117-62
  59:main.cpp      ****         sendmsg.flags.rtr = 0;      // Remote-Transmission-Request -> aus
 234               		.loc 1 59 9 is_stmt 1 view .LVU47
 235               		.loc 1 59 27 is_stmt 0 view .LVU48
 236 004a E896      		adiw r28,119-63
 237 004c 8FAD      		ldd r24,Y+63
 238 004e E897      		sbiw r28,119-63
 239 0050 8E7F      		andi r24,lo8(~(1<<0))
 240 0052 E896      		adiw r28,119-63
 241 0054 8FAF      		std Y+63,r24
 242 0056 E897      		sbiw r28,119-63
  60:main.cpp      ****         sendmsg.length = 5;         // Länge der Nachricht: 1 Byte
 243               		.loc 1 60 9 is_stmt 1 view .LVU49
 244               		.loc 1 60 24 is_stmt 0 view .LVU50
 245 0058 85E0      		ldi r24,lo8(5)
 246 005a E996      		adiw r28,120-63
 247 005c 8FAF      		std Y+63,r24
 248 005e E997      		sbiw r28,120-63
  61:main.cpp      **** 	
  62:main.cpp      **** 	
  63:main.cpp      **** 	status = mfrc522_read(VersionReg); // Prüfen, ob Reader erreichbar und auslesen der Version 1.0 o
 249               		.loc 1 63 2 is_stmt 1 view .LVU51
 250               		.loc 1 63 23 is_stmt 0 view .LVU52
 251 0060 87E3      		ldi r24,lo8(55)
 252 0062 0E94 0000 		call mfrc522_read
 253               	.LVL14:
  64:main.cpp      **** 	if(status== 0x92) // Prüfen, ob Reader gefunden Versionsnummer 0x92
 254               		.loc 1 64 2 is_stmt 1 view .LVU53
 255 0066 8E01      		movw r16,r28
 256 0068 0F5F      		subi r16,-1
 257 006a 1F4F      		sbci r17,-1
 258 006c 8239      		cpi r24,lo8(-110)
 259 006e 01F0      		breq .+2
 260 0070 00C0      		rjmp .L6
  65:main.cpp      **** 	{
  66:main.cpp      **** 	sprintf(buffer,"Version: 0x%x   READER FOUND", status);	// Zeichenkette erzeugen und in dn Zwische
 261               		.loc 1 66 2 view .LVU54
 262               		.loc 1 66 9 is_stmt 0 view .LVU55
 263 0072 1F92      		push __zero_reg__
 264 0074 8F93      		push r24
 265 0076 80E0      		ldi r24,lo8(.LC0)
 266 0078 90E0      		ldi r25,hi8(.LC0)
 267               	.LVL15:
 268               	.L16:
  67:main.cpp      **** 	UART.UsartPuts(buffer);		   // Versionsnummer ausgeben
  68:main.cpp      **** 	}else // sonst Fehlermeldung ausgeben
  69:main.cpp      **** 	{
  70:main.cpp      **** 	sprintf(buffer,"Version: 0x%x   READER NOT FOUND", status);	// Zeichenkette erzeugen und in dn Zwi
 269               		.loc 1 70 9 view .LVU56
 270 007a 9F93      		push r25
 271 007c 8F93      		push r24
 272 007e 1F93      		push r17
 273 0080 0F93      		push r16
 274 0082 0E94 0000 		call sprintf
 275               	.LVL16:
  71:main.cpp      **** 	UART.UsartPuts(buffer);		   // Versionsnummer ausgeben
 276               		.loc 1 71 2 is_stmt 1 view .LVU57
 277               		.loc 1 71 16 is_stmt 0 view .LVU58
 278 0086 B801      		movw r22,r16
 279 0088 CE01      		movw r24,r28
 280 008a 8357      		subi r24,115
 281 008c 9F4F      		sbci r25,-1
 282 008e 0E94 0000 		call _ZN5USART9UsartPutsEPc
 283               	.LVL17:
 284 0092 0F90      		pop __tmp_reg__
 285 0094 0F90      		pop __tmp_reg__
 286 0096 0F90      		pop __tmp_reg__
 287 0098 0F90      		pop __tmp_reg__
 288 009a 0F90      		pop __tmp_reg__
 289 009c 0F90      		pop __tmp_reg__
  72:main.cpp      **** 	}
  73:main.cpp      **** 	UART.UsartPuts("\n\r");		   // Neue Zeile
 290               		.loc 1 73 2 is_stmt 1 view .LVU59
 291               		.loc 1 73 16 is_stmt 0 view .LVU60
 292 009e 60E0      		ldi r22,lo8(.LC2)
 293 00a0 70E0      		ldi r23,hi8(.LC2)
 294 00a2 CE01      		movw r24,r28
 295 00a4 8357      		subi r24,115
 296 00a6 9F4F      		sbci r25,-1
 297 00a8 0E94 0000 		call _ZN5USART9UsartPutsEPc
 298               	.LVL18:
 299               	.LBB12:
 300               	.LBB13:
 301               	.LBB14:
  74:main.cpp      **** 	
  75:main.cpp      **** 
  76:main.cpp      **** 	
  77:main.cpp      **** 	
  78:main.cpp      **** 	
  79:main.cpp      **** 	for (;;)
  80:main.cpp      **** 	{
  81:main.cpp      **** 	
  82:main.cpp      **** 	status = mfrc522_request(PICC_REQALL,str);  //Prüfe, ob ein Tag in der nähe ist
  83:main.cpp      **** 	
  84:main.cpp      **** 	if(status== CARD_FOUND)
  85:main.cpp      **** 	{
  86:main.cpp      **** 	UART.UsartPuts("CARD FOUND  ");
  87:main.cpp      **** 	
  88:main.cpp      **** 	if(str[0] == 0x04)
  89:main.cpp      **** 	{
  90:main.cpp      **** 	UART.UsartPuts("Mifare_One_S50 FOUND   ");
  91:main.cpp      **** 	}	
  92:main.cpp      **** 	sprintf(buffer,"TagType: 0x%x%x ", str[0],str[1]);	// Zeichenkette erzeugen und in dn Zwischenspei
 302               		.loc 1 92 9 view .LVU61
 303 00ac 80E0      		ldi r24,lo8(.LC5)
 304 00ae C82E      		mov r12,r24
 305 00b0 80E0      		ldi r24,hi8(.LC5)
 306 00b2 D82E      		mov r13,r24
  93:main.cpp      **** 	UART.UsartPuts(buffer);		   // Versionsnummer ausgeben	  
  94:main.cpp      **** 	
  95:main.cpp      **** 	
  96:main.cpp      **** 	
  97:main.cpp      **** 	uint8_t UID_Status = mfrc522_get_card_serial(str);
  98:main.cpp      **** 	sprintf(buffer,"UID: 0x%x%x%x%x ", str[0],str[1],str[2],str[3]);	// Zeichenkette erzeugen und in d
 307               		.loc 1 98 9 view .LVU62
 308 00b4 90E0      		ldi r25,lo8(.LC6)
 309 00b6 A92E      		mov r10,r25
 310 00b8 90E0      		ldi r25,hi8(.LC6)
 311 00ba B92E      		mov r11,r25
  99:main.cpp      **** 	UART.UsartPuts(buffer);		   // UID Seriennummer ausgeben	
 100:main.cpp      **** 	
 101:main.cpp      **** 	sendmsg.data[0]=status;			// Status in das Datenbyte 0 schreiben
 312               		.loc 1 101 17 view .LVU63
 313 00bc EE24      		clr r14
 314 00be E394      		inc r14
 315               	.LBE14:
 316               	.LBE13:
 102:main.cpp      **** 	sendmsg.data[1]=str[0];				// UID Byte 1 in das Datenbyte 1 schreiben
 103:main.cpp      **** 	sendmsg.data[2]=str[1];			// UID Byte 2 in das Datenbyte 2 schreiben
 104:main.cpp      **** 	sendmsg.data[3]=str[2];		// UID Byte 3 in das Datenbyte 3 schreiben
 105:main.cpp      **** 	sendmsg.data[4]=str[3];		// UID Byte 4 in das Datenbyte 4 schreiben
 106:main.cpp      **** 	can_send_message(&sendmsg);		// CAN-Nachricht versenden
 107:main.cpp      **** 				
 108:main.cpp      **** 	
 109:main.cpp      **** 	 
 110:main.cpp      **** 	}else{
 111:main.cpp      **** 	UART.UsartPuts("CARD NOT FOUND");
 112:main.cpp      **** 	sendmsg.data[0]=status;			// Status in das Datenbyte 0 schreiben
 113:main.cpp      **** 	can_send_message(&sendmsg);		// CAN-Nachricht versenden
 114:main.cpp      **** 	
 115:main.cpp      **** 	}
 116:main.cpp      **** 	UART.UsartPuts("\n\r");		   // Neue Zeile	
 117:main.cpp      **** 	
 118:main.cpp      **** 	if(can_check_message()) // Prüfe, ob Nachricht empfangen wurde.
 119:main.cpp      **** 	{
 120:main.cpp      **** 	can_get_message(&resvmsg);
 121:main.cpp      **** 	sprintf(buffer,"CAN_Message mit der ID 0x%x empfangen ", resvmsg.id);	// Zeichenkette erzeugen und
 317               		.loc 1 121 9 view .LVU64
 318 00c0 20E0      		ldi r18,lo8(.LC8)
 319 00c2 822E      		mov r8,r18
 320 00c4 20E0      		ldi r18,hi8(.LC8)
 321 00c6 922E      		mov r9,r18
 322               	.L12:
 323               		.loc 1 121 9 view .LVU65
 324               	.LBE12:
  79:main.cpp      **** 	{
 325               		.loc 1 79 2 is_stmt 1 view .LVU66
 326               	.LBB20:
  82:main.cpp      **** 	
 327               		.loc 1 82 2 view .LVU67
  82:main.cpp      **** 	
 328               		.loc 1 82 26 is_stmt 0 view .LVU68
 329 00c8 BE01      		movw r22,r28
 330 00ca 6B59      		subi r22,-101
 331 00cc 7F4F      		sbci r23,-1
 332 00ce 82E5      		ldi r24,lo8(82)
 333 00d0 0E94 0000 		call mfrc522_request
 334               	.LVL19:
 335 00d4 F82E      		mov r15,r24
 336               	.LVL20:
  84:main.cpp      **** 	{
 337               		.loc 1 84 2 is_stmt 1 view .LVU69
 338               	.LBB16:
 339 00d6 21E0      		ldi r18,lo8(1)
 340 00d8 8213      		cpse r24,r18
 341 00da 00C0      		rjmp .L8
 342               	.LBB15:
  86:main.cpp      **** 	
 343               		.loc 1 86 2 view .LVU70
  86:main.cpp      **** 	
 344               		.loc 1 86 16 is_stmt 0 view .LVU71
 345 00dc 60E0      		ldi r22,lo8(.LC3)
 346 00de 70E0      		ldi r23,hi8(.LC3)
 347 00e0 CE01      		movw r24,r28
 348 00e2 8357      		subi r24,115
 349 00e4 9F4F      		sbci r25,-1
 350 00e6 0E94 0000 		call _ZN5USART9UsartPutsEPc
 351               	.LVL21:
  88:main.cpp      **** 	{
 352               		.loc 1 88 2 is_stmt 1 view .LVU72
 353 00ea A696      		adiw r28,101-63
 354 00ec 8FAD      		ldd r24,Y+63
 355 00ee A697      		sbiw r28,101-63
 356 00f0 8430      		cpi r24,lo8(4)
 357 00f2 01F4      		brne .L9
  90:main.cpp      **** 	}	
 358               		.loc 1 90 2 view .LVU73
  90:main.cpp      **** 	}	
 359               		.loc 1 90 16 is_stmt 0 view .LVU74
 360 00f4 60E0      		ldi r22,lo8(.LC4)
 361 00f6 70E0      		ldi r23,hi8(.LC4)
 362 00f8 CE01      		movw r24,r28
 363 00fa 8357      		subi r24,115
 364 00fc 9F4F      		sbci r25,-1
 365 00fe 0E94 0000 		call _ZN5USART9UsartPutsEPc
 366               	.LVL22:
 367               	.L9:
  92:main.cpp      **** 	UART.UsartPuts(buffer);		   // Versionsnummer ausgeben	  
 368               		.loc 1 92 2 is_stmt 1 view .LVU75
  92:main.cpp      **** 	UART.UsartPuts(buffer);		   // Versionsnummer ausgeben	  
 369               		.loc 1 92 9 is_stmt 0 view .LVU76
 370 0102 A796      		adiw r28,102-63
 371 0104 8FAD      		ldd r24,Y+63
 372 0106 A797      		sbiw r28,102-63
 373 0108 1F92      		push __zero_reg__
 374 010a 8F93      		push r24
 375 010c A696      		adiw r28,101-63
 376 010e 8FAD      		ldd r24,Y+63
 377 0110 A697      		sbiw r28,101-63
 378 0112 1F92      		push __zero_reg__
 379 0114 8F93      		push r24
 380 0116 DF92      		push r13
 381 0118 CF92      		push r12
 382 011a 1F93      		push r17
 383 011c 0F93      		push r16
 384 011e 0E94 0000 		call sprintf
 385               	.LVL23:
  93:main.cpp      **** 	
 386               		.loc 1 93 2 is_stmt 1 view .LVU77
  93:main.cpp      **** 	
 387               		.loc 1 93 16 is_stmt 0 view .LVU78
 388 0122 B801      		movw r22,r16
 389 0124 CE01      		movw r24,r28
 390 0126 8357      		subi r24,115
 391 0128 9F4F      		sbci r25,-1
 392 012a 0E94 0000 		call _ZN5USART9UsartPutsEPc
 393               	.LVL24:
  97:main.cpp      **** 	sprintf(buffer,"UID: 0x%x%x%x%x ", str[0],str[1],str[2],str[3]);	// Zeichenkette erzeugen und in d
 394               		.loc 1 97 2 is_stmt 1 view .LVU79
  97:main.cpp      **** 	sprintf(buffer,"UID: 0x%x%x%x%x ", str[0],str[1],str[2],str[3]);	// Zeichenkette erzeugen und in d
 395               		.loc 1 97 46 is_stmt 0 view .LVU80
 396 012e CE01      		movw r24,r28
 397 0130 8B59      		subi r24,-101
 398 0132 9F4F      		sbci r25,-1
 399 0134 0E94 0000 		call _Z23mfrc522_get_card_serialPh
 400               	.LVL25:
  98:main.cpp      **** 	UART.UsartPuts(buffer);		   // UID Seriennummer ausgeben	
 401               		.loc 1 98 2 is_stmt 1 view .LVU81
  98:main.cpp      **** 	UART.UsartPuts(buffer);		   // UID Seriennummer ausgeben	
 402               		.loc 1 98 9 is_stmt 0 view .LVU82
 403 0138 A996      		adiw r28,104-63
 404 013a 8FAD      		ldd r24,Y+63
 405 013c A997      		sbiw r28,104-63
 406 013e 1F92      		push __zero_reg__
 407 0140 8F93      		push r24
 408 0142 A896      		adiw r28,103-63
 409 0144 8FAD      		ldd r24,Y+63
 410 0146 A897      		sbiw r28,103-63
 411 0148 1F92      		push __zero_reg__
 412 014a 8F93      		push r24
 413 014c A796      		adiw r28,102-63
 414 014e 8FAD      		ldd r24,Y+63
 415 0150 A797      		sbiw r28,102-63
 416 0152 1F92      		push __zero_reg__
 417 0154 8F93      		push r24
 418 0156 A696      		adiw r28,101-63
 419 0158 8FAD      		ldd r24,Y+63
 420 015a A697      		sbiw r28,101-63
 421 015c 1F92      		push __zero_reg__
 422 015e 8F93      		push r24
 423 0160 BF92      		push r11
 424 0162 AF92      		push r10
 425 0164 1F93      		push r17
 426 0166 0F93      		push r16
 427 0168 0E94 0000 		call sprintf
 428               	.LVL26:
  99:main.cpp      **** 	
 429               		.loc 1 99 2 is_stmt 1 view .LVU83
  99:main.cpp      **** 	
 430               		.loc 1 99 16 is_stmt 0 view .LVU84
 431 016c B801      		movw r22,r16
 432 016e CE01      		movw r24,r28
 433 0170 8357      		subi r24,115
 434 0172 9F4F      		sbci r25,-1
 435 0174 0E94 0000 		call _ZN5USART9UsartPutsEPc
 436               	.LVL27:
 101:main.cpp      **** 	sendmsg.data[1]=str[0];				// UID Byte 1 in das Datenbyte 1 schreiben
 437               		.loc 1 101 2 is_stmt 1 view .LVU85
 101:main.cpp      **** 	sendmsg.data[1]=str[0];				// UID Byte 1 in das Datenbyte 1 schreiben
 438               		.loc 1 101 17 is_stmt 0 view .LVU86
 439 0178 EA96      		adiw r28,121-63
 440 017a EFAE      		std Y+63,r14
 441 017c EA97      		sbiw r28,121-63
 102:main.cpp      **** 	sendmsg.data[2]=str[1];			// UID Byte 2 in das Datenbyte 2 schreiben
 442               		.loc 1 102 2 is_stmt 1 view .LVU87
 102:main.cpp      **** 	sendmsg.data[2]=str[1];			// UID Byte 2 in das Datenbyte 2 schreiben
 443               		.loc 1 102 17 is_stmt 0 view .LVU88
 444 017e A696      		adiw r28,101-63
 445 0180 8FAD      		ldd r24,Y+63
 446 0182 A697      		sbiw r28,101-63
 447 0184 EB96      		adiw r28,122-63
 448 0186 8FAF      		std Y+63,r24
 449 0188 EB97      		sbiw r28,122-63
 103:main.cpp      **** 	sendmsg.data[3]=str[2];		// UID Byte 3 in das Datenbyte 3 schreiben
 450               		.loc 1 103 2 is_stmt 1 view .LVU89
 103:main.cpp      **** 	sendmsg.data[3]=str[2];		// UID Byte 3 in das Datenbyte 3 schreiben
 451               		.loc 1 103 17 is_stmt 0 view .LVU90
 452 018a A796      		adiw r28,102-63
 453 018c 8FAD      		ldd r24,Y+63
 454 018e A797      		sbiw r28,102-63
 455 0190 EC96      		adiw r28,123-63
 456 0192 8FAF      		std Y+63,r24
 457 0194 EC97      		sbiw r28,123-63
 104:main.cpp      **** 	sendmsg.data[4]=str[3];		// UID Byte 4 in das Datenbyte 4 schreiben
 458               		.loc 1 104 2 is_stmt 1 view .LVU91
 104:main.cpp      **** 	sendmsg.data[4]=str[3];		// UID Byte 4 in das Datenbyte 4 schreiben
 459               		.loc 1 104 17 is_stmt 0 view .LVU92
 460 0196 A896      		adiw r28,103-63
 461 0198 8FAD      		ldd r24,Y+63
 462 019a A897      		sbiw r28,103-63
 463 019c ED96      		adiw r28,124-63
 464 019e 8FAF      		std Y+63,r24
 465 01a0 ED97      		sbiw r28,124-63
 105:main.cpp      **** 	can_send_message(&sendmsg);		// CAN-Nachricht versenden
 466               		.loc 1 105 2 is_stmt 1 view .LVU93
 105:main.cpp      **** 	can_send_message(&sendmsg);		// CAN-Nachricht versenden
 467               		.loc 1 105 17 is_stmt 0 view .LVU94
 468 01a2 A996      		adiw r28,104-63
 469 01a4 8FAD      		ldd r24,Y+63
 470 01a6 A997      		sbiw r28,104-63
 471 01a8 EE96      		adiw r28,125-63
 472 01aa 8FAF      		std Y+63,r24
 473 01ac EE97      		sbiw r28,125-63
 106:main.cpp      **** 				
 474               		.loc 1 106 2 is_stmt 1 view .LVU95
 106:main.cpp      **** 				
 475               		.loc 1 106 18 is_stmt 0 view .LVU96
 476 01ae CE01      		movw r24,r28
 477 01b0 8B58      		subi r24,-117
 478 01b2 9F4F      		sbci r25,-1
 479 01b4 0E94 0000 		call can_send_message
 480               	.LVL28:
 481               	.LBE15:
 482 01b8 0FB6      		in __tmp_reg__,__SREG__
 483 01ba F894      		cli
 484 01bc DEBF      		out __SP_H__,r29
 485 01be 0FBE      		out __SREG__,__tmp_reg__
 486 01c0 CDBF      		out __SP_L__,r28
 487               	.L10:
 488               	.LBE16:
 116:main.cpp      **** 	
 489               		.loc 1 116 2 is_stmt 1 view .LVU97
 116:main.cpp      **** 	
 490               		.loc 1 116 16 is_stmt 0 view .LVU98
 491 01c2 60E0      		ldi r22,lo8(.LC2)
 492 01c4 70E0      		ldi r23,hi8(.LC2)
 493 01c6 CE01      		movw r24,r28
 494 01c8 8357      		subi r24,115
 495 01ca 9F4F      		sbci r25,-1
 496 01cc 0E94 0000 		call _ZN5USART9UsartPutsEPc
 497               	.LVL29:
 118:main.cpp      **** 	{
 498               		.loc 1 118 2 is_stmt 1 view .LVU99
 118:main.cpp      **** 	{
 499               		.loc 1 118 22 is_stmt 0 view .LVU100
 500 01d0 0E94 0000 		call can_check_message
 501               	.LVL30:
 118:main.cpp      **** 	{
 502               		.loc 1 118 2 view .LVU101
 503 01d4 8823      		tst r24
 504 01d6 01F0      		breq .L11
 120:main.cpp      **** 	sprintf(buffer,"CAN_Message mit der ID 0x%x empfangen ", resvmsg.id);	// Zeichenkette erzeugen und
 505               		.loc 1 120 2 is_stmt 1 view .LVU102
 120:main.cpp      **** 	sprintf(buffer,"CAN_Message mit der ID 0x%x empfangen ", resvmsg.id);	// Zeichenkette erzeugen und
 506               		.loc 1 120 17 is_stmt 0 view .LVU103
 507 01d8 CE01      		movw r24,r28
 508 01da 8F57      		subi r24,127
 509 01dc 9F4F      		sbci r25,-1
 510 01de 0E94 0000 		call can_get_message
 511               	.LVL31:
 512               		.loc 1 121 2 is_stmt 1 view .LVU104
 513               		.loc 1 121 9 is_stmt 0 view .LVU105
 514 01e2 CE57      		subi r28,lo8(-130)
 515 01e4 DF4F      		sbci r29,hi8(-130)
 516 01e6 8881      		ld r24,Y
 517 01e8 C258      		subi r28,lo8(130)
 518 01ea D040      		sbci r29,hi8(130)
 519 01ec 8F93      		push r24
 520 01ee CF57      		subi r28,lo8(-129)
 521 01f0 DF4F      		sbci r29,hi8(-129)
 522 01f2 8881      		ld r24,Y
 523 01f4 C158      		subi r28,lo8(129)
 524 01f6 D040      		sbci r29,hi8(129)
 525 01f8 8F93      		push r24
 526 01fa 9F92      		push r9
 527 01fc 8F92      		push r8
 528 01fe 1F93      		push r17
 529 0200 0F93      		push r16
 530 0202 0E94 0000 		call sprintf
 531               	.LVL32:
 122:main.cpp      **** 	UART.UsartPuts(buffer);		   // Versionsnummer ausgeben	
 532               		.loc 1 122 2 is_stmt 1 view .LVU106
 533               		.loc 1 122 16 is_stmt 0 view .LVU107
 534 0206 B801      		movw r22,r16
 535 0208 CE01      		movw r24,r28
 536 020a 8357      		subi r24,115
 537 020c 9F4F      		sbci r25,-1
 538 020e 0E94 0000 		call _ZN5USART9UsartPutsEPc
 539               	.LVL33:
 540 0212 0F90      		pop __tmp_reg__
 541 0214 0F90      		pop __tmp_reg__
 542 0216 0F90      		pop __tmp_reg__
 543 0218 0F90      		pop __tmp_reg__
 544 021a 0F90      		pop __tmp_reg__
 545 021c 0F90      		pop __tmp_reg__
 546               	.L11:
 123:main.cpp      **** 	}
 124:main.cpp      **** 	
 125:main.cpp      **** 	_delay_ms(1000);
 547               		.loc 1 125 2 is_stmt 1 view .LVU108
 548               	.LVL34:
 549               	.LBB17:
 550               	.LBI17:
 551               		.file 2 "/opt/homebrew/Cellar/avr-gcc@9/9.3.0_3/avr/include/util/delay.h"
   1:/opt/homebrew/Cellar/avr-gcc@9/9.3.0_3/avr/include/util/delay.h **** /* Copyright (c) 2002, Marek Michalkiewicz
   2:/opt/homebrew/Cellar/avr-gcc@9/9.3.0_3/avr/include/util/delay.h ****    Copyright (c) 2004,2005,2007 Joerg Wunsch
   3:/opt/homebrew/Cellar/avr-gcc@9/9.3.0_3/avr/include/util/delay.h ****    Copyright (c) 2007  Florin-Viorel Petrov
   4:/opt/homebrew/Cellar/avr-gcc@9/9.3.0_3/avr/include/util/delay.h ****    All rights reserved.
   5:/opt/homebrew/Cellar/avr-gcc@9/9.3.0_3/avr/include/util/delay.h **** 
   6:/opt/homebrew/Cellar/avr-gcc@9/9.3.0_3/avr/include/util/delay.h ****    Redistribution and use in source and binary forms, with or without
   7:/opt/homebrew/Cellar/avr-gcc@9/9.3.0_3/avr/include/util/delay.h ****    modification, are permitted provided that the following conditions are met:
   8:/opt/homebrew/Cellar/avr-gcc@9/9.3.0_3/avr/include/util/delay.h **** 
   9:/opt/homebrew/Cellar/avr-gcc@9/9.3.0_3/avr/include/util/delay.h ****    * Redistributions of source code must retain the above copyright
  10:/opt/homebrew/Cellar/avr-gcc@9/9.3.0_3/avr/include/util/delay.h ****      notice, this list of conditions and the following disclaimer.
  11:/opt/homebrew/Cellar/avr-gcc@9/9.3.0_3/avr/include/util/delay.h **** 
  12:/opt/homebrew/Cellar/avr-gcc@9/9.3.0_3/avr/include/util/delay.h ****    * Redistributions in binary form must reproduce the above copyright
  13:/opt/homebrew/Cellar/avr-gcc@9/9.3.0_3/avr/include/util/delay.h ****      notice, this list of conditions and the following disclaimer in
  14:/opt/homebrew/Cellar/avr-gcc@9/9.3.0_3/avr/include/util/delay.h ****      the documentation and/or other materials provided with the
  15:/opt/homebrew/Cellar/avr-gcc@9/9.3.0_3/avr/include/util/delay.h ****      distribution.
  16:/opt/homebrew/Cellar/avr-gcc@9/9.3.0_3/avr/include/util/delay.h **** 
  17:/opt/homebrew/Cellar/avr-gcc@9/9.3.0_3/avr/include/util/delay.h ****    * Neither the name of the copyright holders nor the names of
  18:/opt/homebrew/Cellar/avr-gcc@9/9.3.0_3/avr/include/util/delay.h ****      contributors may be used to endorse or promote products derived
  19:/opt/homebrew/Cellar/avr-gcc@9/9.3.0_3/avr/include/util/delay.h ****      from this software without specific prior written permission.
  20:/opt/homebrew/Cellar/avr-gcc@9/9.3.0_3/avr/include/util/delay.h **** 
  21:/opt/homebrew/Cellar/avr-gcc@9/9.3.0_3/avr/include/util/delay.h ****   THIS SOFTWARE IS PROVIDED BY THE COPYRIGHT HOLDERS AND CONTRIBUTORS "AS IS"
  22:/opt/homebrew/Cellar/avr-gcc@9/9.3.0_3/avr/include/util/delay.h ****   AND ANY EXPRESS OR IMPLIED WARRANTIES, INCLUDING, BUT NOT LIMITED TO, THE
  23:/opt/homebrew/Cellar/avr-gcc@9/9.3.0_3/avr/include/util/delay.h ****   IMPLIED WARRANTIES OF MERCHANTABILITY AND FITNESS FOR A PARTICULAR PURPOSE
  24:/opt/homebrew/Cellar/avr-gcc@9/9.3.0_3/avr/include/util/delay.h ****   ARE DISCLAIMED. IN NO EVENT SHALL THE COPYRIGHT OWNER OR CONTRIBUTORS BE
  25:/opt/homebrew/Cellar/avr-gcc@9/9.3.0_3/avr/include/util/delay.h ****   LIABLE FOR ANY DIRECT, INDIRECT, INCIDENTAL, SPECIAL, EXEMPLARY, OR
  26:/opt/homebrew/Cellar/avr-gcc@9/9.3.0_3/avr/include/util/delay.h ****   CONSEQUENTIAL DAMAGES (INCLUDING, BUT NOT LIMITED TO, PROCUREMENT OF
  27:/opt/homebrew/Cellar/avr-gcc@9/9.3.0_3/avr/include/util/delay.h ****   SUBSTITUTE GOODS OR SERVICES; LOSS OF USE, DATA, OR PROFITS; OR BUSINESS
  28:/opt/homebrew/Cellar/avr-gcc@9/9.3.0_3/avr/include/util/delay.h ****   INTERRUPTION) HOWEVER CAUSED AND ON ANY THEORY OF LIABILITY, WHETHER IN
  29:/opt/homebrew/Cellar/avr-gcc@9/9.3.0_3/avr/include/util/delay.h ****   CONTRACT, STRICT LIABILITY, OR TORT (INCLUDING NEGLIGENCE OR OTHERWISE)
  30:/opt/homebrew/Cellar/avr-gcc@9/9.3.0_3/avr/include/util/delay.h ****   ARISING IN ANY WAY OUT OF THE USE OF THIS SOFTWARE, EVEN IF ADVISED OF THE
  31:/opt/homebrew/Cellar/avr-gcc@9/9.3.0_3/avr/include/util/delay.h ****   POSSIBILITY OF SUCH DAMAGE. */
  32:/opt/homebrew/Cellar/avr-gcc@9/9.3.0_3/avr/include/util/delay.h **** 
  33:/opt/homebrew/Cellar/avr-gcc@9/9.3.0_3/avr/include/util/delay.h **** /* $Id: delay.h.in 2506 2016-02-08 10:05:45Z joerg_wunsch $ */
  34:/opt/homebrew/Cellar/avr-gcc@9/9.3.0_3/avr/include/util/delay.h **** 
  35:/opt/homebrew/Cellar/avr-gcc@9/9.3.0_3/avr/include/util/delay.h **** #ifndef _UTIL_DELAY_H_
  36:/opt/homebrew/Cellar/avr-gcc@9/9.3.0_3/avr/include/util/delay.h **** #define _UTIL_DELAY_H_ 1
  37:/opt/homebrew/Cellar/avr-gcc@9/9.3.0_3/avr/include/util/delay.h **** 
  38:/opt/homebrew/Cellar/avr-gcc@9/9.3.0_3/avr/include/util/delay.h **** #ifndef __DOXYGEN__
  39:/opt/homebrew/Cellar/avr-gcc@9/9.3.0_3/avr/include/util/delay.h **** #  ifndef __HAS_DELAY_CYCLES
  40:/opt/homebrew/Cellar/avr-gcc@9/9.3.0_3/avr/include/util/delay.h **** #    define __HAS_DELAY_CYCLES 1
  41:/opt/homebrew/Cellar/avr-gcc@9/9.3.0_3/avr/include/util/delay.h **** #  endif
  42:/opt/homebrew/Cellar/avr-gcc@9/9.3.0_3/avr/include/util/delay.h **** #endif  /* __DOXYGEN__ */
  43:/opt/homebrew/Cellar/avr-gcc@9/9.3.0_3/avr/include/util/delay.h **** 
  44:/opt/homebrew/Cellar/avr-gcc@9/9.3.0_3/avr/include/util/delay.h **** #include <inttypes.h>
  45:/opt/homebrew/Cellar/avr-gcc@9/9.3.0_3/avr/include/util/delay.h **** #include <util/delay_basic.h>
  46:/opt/homebrew/Cellar/avr-gcc@9/9.3.0_3/avr/include/util/delay.h **** #include <math.h>
  47:/opt/homebrew/Cellar/avr-gcc@9/9.3.0_3/avr/include/util/delay.h **** 
  48:/opt/homebrew/Cellar/avr-gcc@9/9.3.0_3/avr/include/util/delay.h **** /** \file */
  49:/opt/homebrew/Cellar/avr-gcc@9/9.3.0_3/avr/include/util/delay.h **** /** \defgroup util_delay <util/delay.h>: Convenience functions for busy-wait delay loops
  50:/opt/homebrew/Cellar/avr-gcc@9/9.3.0_3/avr/include/util/delay.h ****     \code
  51:/opt/homebrew/Cellar/avr-gcc@9/9.3.0_3/avr/include/util/delay.h ****     #define F_CPU 1000000UL  // 1 MHz
  52:/opt/homebrew/Cellar/avr-gcc@9/9.3.0_3/avr/include/util/delay.h ****     //#define F_CPU 14.7456E6
  53:/opt/homebrew/Cellar/avr-gcc@9/9.3.0_3/avr/include/util/delay.h ****     #include <util/delay.h>
  54:/opt/homebrew/Cellar/avr-gcc@9/9.3.0_3/avr/include/util/delay.h ****     \endcode
  55:/opt/homebrew/Cellar/avr-gcc@9/9.3.0_3/avr/include/util/delay.h **** 
  56:/opt/homebrew/Cellar/avr-gcc@9/9.3.0_3/avr/include/util/delay.h ****     \note As an alternative method, it is possible to pass the
  57:/opt/homebrew/Cellar/avr-gcc@9/9.3.0_3/avr/include/util/delay.h ****     F_CPU macro down to the compiler from the Makefile.
  58:/opt/homebrew/Cellar/avr-gcc@9/9.3.0_3/avr/include/util/delay.h ****     Obviously, in that case, no \c \#define statement should be
  59:/opt/homebrew/Cellar/avr-gcc@9/9.3.0_3/avr/include/util/delay.h ****     used.
  60:/opt/homebrew/Cellar/avr-gcc@9/9.3.0_3/avr/include/util/delay.h **** 
  61:/opt/homebrew/Cellar/avr-gcc@9/9.3.0_3/avr/include/util/delay.h ****     The functions in this header file are wrappers around the basic
  62:/opt/homebrew/Cellar/avr-gcc@9/9.3.0_3/avr/include/util/delay.h ****     busy-wait functions from <util/delay_basic.h>.  They are meant as
  63:/opt/homebrew/Cellar/avr-gcc@9/9.3.0_3/avr/include/util/delay.h ****     convenience functions where actual time values can be specified
  64:/opt/homebrew/Cellar/avr-gcc@9/9.3.0_3/avr/include/util/delay.h ****     rather than a number of cycles to wait for.  The idea behind is
  65:/opt/homebrew/Cellar/avr-gcc@9/9.3.0_3/avr/include/util/delay.h ****     that compile-time constant expressions will be eliminated by
  66:/opt/homebrew/Cellar/avr-gcc@9/9.3.0_3/avr/include/util/delay.h ****     compiler optimization so floating-point expressions can be used
  67:/opt/homebrew/Cellar/avr-gcc@9/9.3.0_3/avr/include/util/delay.h ****     to calculate the number of delay cycles needed based on the CPU
  68:/opt/homebrew/Cellar/avr-gcc@9/9.3.0_3/avr/include/util/delay.h ****     frequency passed by the macro F_CPU.
  69:/opt/homebrew/Cellar/avr-gcc@9/9.3.0_3/avr/include/util/delay.h **** 
  70:/opt/homebrew/Cellar/avr-gcc@9/9.3.0_3/avr/include/util/delay.h ****     \note In order for these functions to work as intended, compiler
  71:/opt/homebrew/Cellar/avr-gcc@9/9.3.0_3/avr/include/util/delay.h ****     optimizations <em>must</em> be enabled, and the delay time
  72:/opt/homebrew/Cellar/avr-gcc@9/9.3.0_3/avr/include/util/delay.h ****     <em>must</em> be an expression that is a known constant at
  73:/opt/homebrew/Cellar/avr-gcc@9/9.3.0_3/avr/include/util/delay.h ****     compile-time.  If these requirements are not met, the resulting
  74:/opt/homebrew/Cellar/avr-gcc@9/9.3.0_3/avr/include/util/delay.h ****     delay will be much longer (and basically unpredictable), and
  75:/opt/homebrew/Cellar/avr-gcc@9/9.3.0_3/avr/include/util/delay.h ****     applications that otherwise do not use floating-point calculations
  76:/opt/homebrew/Cellar/avr-gcc@9/9.3.0_3/avr/include/util/delay.h ****     will experience severe code bloat by the floating-point library
  77:/opt/homebrew/Cellar/avr-gcc@9/9.3.0_3/avr/include/util/delay.h ****     routines linked into the application.
  78:/opt/homebrew/Cellar/avr-gcc@9/9.3.0_3/avr/include/util/delay.h **** 
  79:/opt/homebrew/Cellar/avr-gcc@9/9.3.0_3/avr/include/util/delay.h ****     The functions available allow the specification of microsecond, and
  80:/opt/homebrew/Cellar/avr-gcc@9/9.3.0_3/avr/include/util/delay.h ****     millisecond delays directly, using the application-supplied macro
  81:/opt/homebrew/Cellar/avr-gcc@9/9.3.0_3/avr/include/util/delay.h ****     F_CPU as the CPU clock frequency (in Hertz).
  82:/opt/homebrew/Cellar/avr-gcc@9/9.3.0_3/avr/include/util/delay.h **** 
  83:/opt/homebrew/Cellar/avr-gcc@9/9.3.0_3/avr/include/util/delay.h **** */
  84:/opt/homebrew/Cellar/avr-gcc@9/9.3.0_3/avr/include/util/delay.h **** 
  85:/opt/homebrew/Cellar/avr-gcc@9/9.3.0_3/avr/include/util/delay.h **** #if !defined(__DOXYGEN__)
  86:/opt/homebrew/Cellar/avr-gcc@9/9.3.0_3/avr/include/util/delay.h **** static __inline__ void _delay_us(double __us) __attribute__((__always_inline__));
  87:/opt/homebrew/Cellar/avr-gcc@9/9.3.0_3/avr/include/util/delay.h **** static __inline__ void _delay_ms(double __ms) __attribute__((__always_inline__));
  88:/opt/homebrew/Cellar/avr-gcc@9/9.3.0_3/avr/include/util/delay.h **** #endif
  89:/opt/homebrew/Cellar/avr-gcc@9/9.3.0_3/avr/include/util/delay.h **** 
  90:/opt/homebrew/Cellar/avr-gcc@9/9.3.0_3/avr/include/util/delay.h **** #ifndef F_CPU
  91:/opt/homebrew/Cellar/avr-gcc@9/9.3.0_3/avr/include/util/delay.h **** /* prevent compiler error by supplying a default */
  92:/opt/homebrew/Cellar/avr-gcc@9/9.3.0_3/avr/include/util/delay.h **** # warning "F_CPU not defined for <util/delay.h>"
  93:/opt/homebrew/Cellar/avr-gcc@9/9.3.0_3/avr/include/util/delay.h **** /** \ingroup util_delay
  94:/opt/homebrew/Cellar/avr-gcc@9/9.3.0_3/avr/include/util/delay.h ****     \def F_CPU
  95:/opt/homebrew/Cellar/avr-gcc@9/9.3.0_3/avr/include/util/delay.h ****     \brief CPU frequency in Hz
  96:/opt/homebrew/Cellar/avr-gcc@9/9.3.0_3/avr/include/util/delay.h **** 
  97:/opt/homebrew/Cellar/avr-gcc@9/9.3.0_3/avr/include/util/delay.h ****     The macro F_CPU specifies the CPU frequency to be considered by
  98:/opt/homebrew/Cellar/avr-gcc@9/9.3.0_3/avr/include/util/delay.h ****     the delay macros.  This macro is normally supplied by the
  99:/opt/homebrew/Cellar/avr-gcc@9/9.3.0_3/avr/include/util/delay.h ****     environment (e.g. from within a project header, or the project's
 100:/opt/homebrew/Cellar/avr-gcc@9/9.3.0_3/avr/include/util/delay.h ****     Makefile).  The value 1 MHz here is only provided as a "vanilla"
 101:/opt/homebrew/Cellar/avr-gcc@9/9.3.0_3/avr/include/util/delay.h ****     fallback if no such user-provided definition could be found.
 102:/opt/homebrew/Cellar/avr-gcc@9/9.3.0_3/avr/include/util/delay.h **** 
 103:/opt/homebrew/Cellar/avr-gcc@9/9.3.0_3/avr/include/util/delay.h ****     In terms of the delay functions, the CPU frequency can be given as
 104:/opt/homebrew/Cellar/avr-gcc@9/9.3.0_3/avr/include/util/delay.h ****     a floating-point constant (e.g. 3.6864E6 for 3.6864 MHz).
 105:/opt/homebrew/Cellar/avr-gcc@9/9.3.0_3/avr/include/util/delay.h ****     However, the macros in <util/setbaud.h> require it to be an
 106:/opt/homebrew/Cellar/avr-gcc@9/9.3.0_3/avr/include/util/delay.h ****     integer value.
 107:/opt/homebrew/Cellar/avr-gcc@9/9.3.0_3/avr/include/util/delay.h ****  */
 108:/opt/homebrew/Cellar/avr-gcc@9/9.3.0_3/avr/include/util/delay.h **** # define F_CPU 1000000UL
 109:/opt/homebrew/Cellar/avr-gcc@9/9.3.0_3/avr/include/util/delay.h **** #endif
 110:/opt/homebrew/Cellar/avr-gcc@9/9.3.0_3/avr/include/util/delay.h **** 
 111:/opt/homebrew/Cellar/avr-gcc@9/9.3.0_3/avr/include/util/delay.h **** #ifndef __OPTIMIZE__
 112:/opt/homebrew/Cellar/avr-gcc@9/9.3.0_3/avr/include/util/delay.h **** # warning "Compiler optimizations disabled; functions from <util/delay.h> won't work as designed"
 113:/opt/homebrew/Cellar/avr-gcc@9/9.3.0_3/avr/include/util/delay.h **** #endif
 114:/opt/homebrew/Cellar/avr-gcc@9/9.3.0_3/avr/include/util/delay.h **** 
 115:/opt/homebrew/Cellar/avr-gcc@9/9.3.0_3/avr/include/util/delay.h **** #if __HAS_DELAY_CYCLES && defined(__OPTIMIZE__) && \
 116:/opt/homebrew/Cellar/avr-gcc@9/9.3.0_3/avr/include/util/delay.h ****   !defined(__DELAY_BACKWARD_COMPATIBLE__) &&	   \
 117:/opt/homebrew/Cellar/avr-gcc@9/9.3.0_3/avr/include/util/delay.h ****   __STDC_HOSTED__
 118:/opt/homebrew/Cellar/avr-gcc@9/9.3.0_3/avr/include/util/delay.h **** #  include <math.h>
 119:/opt/homebrew/Cellar/avr-gcc@9/9.3.0_3/avr/include/util/delay.h **** #endif
 120:/opt/homebrew/Cellar/avr-gcc@9/9.3.0_3/avr/include/util/delay.h **** 
 121:/opt/homebrew/Cellar/avr-gcc@9/9.3.0_3/avr/include/util/delay.h **** /**
 122:/opt/homebrew/Cellar/avr-gcc@9/9.3.0_3/avr/include/util/delay.h ****    \ingroup util_delay
 123:/opt/homebrew/Cellar/avr-gcc@9/9.3.0_3/avr/include/util/delay.h **** 
 124:/opt/homebrew/Cellar/avr-gcc@9/9.3.0_3/avr/include/util/delay.h ****    Perform a delay of \c __ms milliseconds, using _delay_loop_2().
 125:/opt/homebrew/Cellar/avr-gcc@9/9.3.0_3/avr/include/util/delay.h **** 
 126:/opt/homebrew/Cellar/avr-gcc@9/9.3.0_3/avr/include/util/delay.h ****    The macro F_CPU is supposed to be defined to a
 127:/opt/homebrew/Cellar/avr-gcc@9/9.3.0_3/avr/include/util/delay.h ****    constant defining the CPU clock frequency (in Hertz).
 128:/opt/homebrew/Cellar/avr-gcc@9/9.3.0_3/avr/include/util/delay.h **** 
 129:/opt/homebrew/Cellar/avr-gcc@9/9.3.0_3/avr/include/util/delay.h ****    The maximal possible delay is 262.14 ms / F_CPU in MHz.
 130:/opt/homebrew/Cellar/avr-gcc@9/9.3.0_3/avr/include/util/delay.h **** 
 131:/opt/homebrew/Cellar/avr-gcc@9/9.3.0_3/avr/include/util/delay.h ****    When the user request delay which exceed the maximum possible one,
 132:/opt/homebrew/Cellar/avr-gcc@9/9.3.0_3/avr/include/util/delay.h ****    _delay_ms() provides a decreased resolution functionality. In this
 133:/opt/homebrew/Cellar/avr-gcc@9/9.3.0_3/avr/include/util/delay.h ****    mode _delay_ms() will work with a resolution of 1/10 ms, providing
 134:/opt/homebrew/Cellar/avr-gcc@9/9.3.0_3/avr/include/util/delay.h ****    delays up to 6.5535 seconds (independent from CPU frequency).  The
 135:/opt/homebrew/Cellar/avr-gcc@9/9.3.0_3/avr/include/util/delay.h ****    user will not be informed about decreased resolution.
 136:/opt/homebrew/Cellar/avr-gcc@9/9.3.0_3/avr/include/util/delay.h **** 
 137:/opt/homebrew/Cellar/avr-gcc@9/9.3.0_3/avr/include/util/delay.h ****    If the avr-gcc toolchain has __builtin_avr_delay_cycles()
 138:/opt/homebrew/Cellar/avr-gcc@9/9.3.0_3/avr/include/util/delay.h ****    support, maximal possible delay is 4294967.295 ms/ F_CPU in MHz. For
 139:/opt/homebrew/Cellar/avr-gcc@9/9.3.0_3/avr/include/util/delay.h ****    values greater than the maximal possible delay, overflows results in
 140:/opt/homebrew/Cellar/avr-gcc@9/9.3.0_3/avr/include/util/delay.h ****    no delay i.e., 0ms.
 141:/opt/homebrew/Cellar/avr-gcc@9/9.3.0_3/avr/include/util/delay.h **** 
 142:/opt/homebrew/Cellar/avr-gcc@9/9.3.0_3/avr/include/util/delay.h ****    Conversion of \c __ms into clock cycles may not always result in
 143:/opt/homebrew/Cellar/avr-gcc@9/9.3.0_3/avr/include/util/delay.h ****    integer.  By default, the clock cycles rounded up to next
 144:/opt/homebrew/Cellar/avr-gcc@9/9.3.0_3/avr/include/util/delay.h ****    integer. This ensures that the user gets at least \c __ms
 145:/opt/homebrew/Cellar/avr-gcc@9/9.3.0_3/avr/include/util/delay.h ****    microseconds of delay.
 146:/opt/homebrew/Cellar/avr-gcc@9/9.3.0_3/avr/include/util/delay.h **** 
 147:/opt/homebrew/Cellar/avr-gcc@9/9.3.0_3/avr/include/util/delay.h ****    Alternatively, by defining the macro \c __DELAY_ROUND_DOWN__, or
 148:/opt/homebrew/Cellar/avr-gcc@9/9.3.0_3/avr/include/util/delay.h ****    \c __DELAY_ROUND_CLOSEST__, before including this header file, the
 149:/opt/homebrew/Cellar/avr-gcc@9/9.3.0_3/avr/include/util/delay.h ****    algorithm can be made to round down, or round to closest integer,
 150:/opt/homebrew/Cellar/avr-gcc@9/9.3.0_3/avr/include/util/delay.h ****    respectively.
 151:/opt/homebrew/Cellar/avr-gcc@9/9.3.0_3/avr/include/util/delay.h **** 
 152:/opt/homebrew/Cellar/avr-gcc@9/9.3.0_3/avr/include/util/delay.h ****    \note
 153:/opt/homebrew/Cellar/avr-gcc@9/9.3.0_3/avr/include/util/delay.h **** 
 154:/opt/homebrew/Cellar/avr-gcc@9/9.3.0_3/avr/include/util/delay.h ****    The implementation of _delay_ms() based on
 155:/opt/homebrew/Cellar/avr-gcc@9/9.3.0_3/avr/include/util/delay.h ****    __builtin_avr_delay_cycles() is not backward compatible with older
 156:/opt/homebrew/Cellar/avr-gcc@9/9.3.0_3/avr/include/util/delay.h ****    implementations.  In order to get functionality backward compatible
 157:/opt/homebrew/Cellar/avr-gcc@9/9.3.0_3/avr/include/util/delay.h ****    with previous versions, the macro \c "__DELAY_BACKWARD_COMPATIBLE__"
 158:/opt/homebrew/Cellar/avr-gcc@9/9.3.0_3/avr/include/util/delay.h ****    must be defined before including this header file. Also, the
 159:/opt/homebrew/Cellar/avr-gcc@9/9.3.0_3/avr/include/util/delay.h ****    backward compatible algorithm will be chosen if the code is
 160:/opt/homebrew/Cellar/avr-gcc@9/9.3.0_3/avr/include/util/delay.h ****    compiled in a <em>freestanding environment</em> (GCC option
 161:/opt/homebrew/Cellar/avr-gcc@9/9.3.0_3/avr/include/util/delay.h ****    \c -ffreestanding), as the math functions required for rounding are
 162:/opt/homebrew/Cellar/avr-gcc@9/9.3.0_3/avr/include/util/delay.h ****    not available to the compiler then.
 163:/opt/homebrew/Cellar/avr-gcc@9/9.3.0_3/avr/include/util/delay.h **** 
 164:/opt/homebrew/Cellar/avr-gcc@9/9.3.0_3/avr/include/util/delay.h ****  */
 165:/opt/homebrew/Cellar/avr-gcc@9/9.3.0_3/avr/include/util/delay.h **** void
 166:/opt/homebrew/Cellar/avr-gcc@9/9.3.0_3/avr/include/util/delay.h **** _delay_ms(double __ms)
 552               		.loc 2 166 1 view .LVU109
 553               	.LBB18:
 167:/opt/homebrew/Cellar/avr-gcc@9/9.3.0_3/avr/include/util/delay.h **** {
 168:/opt/homebrew/Cellar/avr-gcc@9/9.3.0_3/avr/include/util/delay.h **** 	double __tmp ;
 554               		.loc 2 168 2 view .LVU110
 169:/opt/homebrew/Cellar/avr-gcc@9/9.3.0_3/avr/include/util/delay.h **** #if __HAS_DELAY_CYCLES && defined(__OPTIMIZE__) && \
 170:/opt/homebrew/Cellar/avr-gcc@9/9.3.0_3/avr/include/util/delay.h ****   !defined(__DELAY_BACKWARD_COMPATIBLE__) &&	   \
 171:/opt/homebrew/Cellar/avr-gcc@9/9.3.0_3/avr/include/util/delay.h ****   __STDC_HOSTED__
 172:/opt/homebrew/Cellar/avr-gcc@9/9.3.0_3/avr/include/util/delay.h **** 	uint32_t __ticks_dc;
 555               		.loc 2 172 2 view .LVU111
 173:/opt/homebrew/Cellar/avr-gcc@9/9.3.0_3/avr/include/util/delay.h **** 	extern void __builtin_avr_delay_cycles(unsigned long);
 556               		.loc 2 173 2 view .LVU112
 174:/opt/homebrew/Cellar/avr-gcc@9/9.3.0_3/avr/include/util/delay.h **** 	__tmp = ((F_CPU) / 1e3) * __ms;
 557               		.loc 2 174 2 view .LVU113
 175:/opt/homebrew/Cellar/avr-gcc@9/9.3.0_3/avr/include/util/delay.h **** 
 176:/opt/homebrew/Cellar/avr-gcc@9/9.3.0_3/avr/include/util/delay.h **** 	#if defined(__DELAY_ROUND_DOWN__)
 177:/opt/homebrew/Cellar/avr-gcc@9/9.3.0_3/avr/include/util/delay.h **** 		__ticks_dc = (uint32_t)fabs(__tmp);
 178:/opt/homebrew/Cellar/avr-gcc@9/9.3.0_3/avr/include/util/delay.h **** 
 179:/opt/homebrew/Cellar/avr-gcc@9/9.3.0_3/avr/include/util/delay.h **** 	#elif defined(__DELAY_ROUND_CLOSEST__)
 180:/opt/homebrew/Cellar/avr-gcc@9/9.3.0_3/avr/include/util/delay.h **** 		__ticks_dc = (uint32_t)(fabs(__tmp)+0.5);
 181:/opt/homebrew/Cellar/avr-gcc@9/9.3.0_3/avr/include/util/delay.h **** 
 182:/opt/homebrew/Cellar/avr-gcc@9/9.3.0_3/avr/include/util/delay.h **** 	#else
 183:/opt/homebrew/Cellar/avr-gcc@9/9.3.0_3/avr/include/util/delay.h **** 		//round up by default
 184:/opt/homebrew/Cellar/avr-gcc@9/9.3.0_3/avr/include/util/delay.h **** 		__ticks_dc = (uint32_t)(ceil(fabs(__tmp)));
 558               		.loc 2 184 3 view .LVU114
 185:/opt/homebrew/Cellar/avr-gcc@9/9.3.0_3/avr/include/util/delay.h **** 	#endif
 186:/opt/homebrew/Cellar/avr-gcc@9/9.3.0_3/avr/include/util/delay.h **** 
 187:/opt/homebrew/Cellar/avr-gcc@9/9.3.0_3/avr/include/util/delay.h **** 	__builtin_avr_delay_cycles(__ticks_dc);
 559               		.loc 2 187 2 view .LVU115
 560               		.loc 2 187 28 is_stmt 0 view .LVU116
 561 021e 9FEF      		ldi r25,lo8(3199999)
 562 0220 23ED      		ldi r18,hi8(3199999)
 563 0222 80E3      		ldi r24,hlo8(3199999)
 564 0224 9150      	1:	subi r25,1
 565 0226 2040      		sbci r18,0
 566 0228 8040      		sbci r24,0
 567 022a 01F4      		brne 1b
 568 022c 00C0      		rjmp .
 569 022e 0000      		nop
 188:/opt/homebrew/Cellar/avr-gcc@9/9.3.0_3/avr/include/util/delay.h **** 
 189:/opt/homebrew/Cellar/avr-gcc@9/9.3.0_3/avr/include/util/delay.h **** #else
 190:/opt/homebrew/Cellar/avr-gcc@9/9.3.0_3/avr/include/util/delay.h **** 	uint16_t __ticks;
 191:/opt/homebrew/Cellar/avr-gcc@9/9.3.0_3/avr/include/util/delay.h **** 	__tmp = ((F_CPU) / 4e3) * __ms;
 192:/opt/homebrew/Cellar/avr-gcc@9/9.3.0_3/avr/include/util/delay.h **** 	if (__tmp < 1.0)
 193:/opt/homebrew/Cellar/avr-gcc@9/9.3.0_3/avr/include/util/delay.h **** 		__ticks = 1;
 194:/opt/homebrew/Cellar/avr-gcc@9/9.3.0_3/avr/include/util/delay.h **** 	else if (__tmp > 65535)
 195:/opt/homebrew/Cellar/avr-gcc@9/9.3.0_3/avr/include/util/delay.h **** 	{
 196:/opt/homebrew/Cellar/avr-gcc@9/9.3.0_3/avr/include/util/delay.h **** 		//	__ticks = requested delay in 1/10 ms
 197:/opt/homebrew/Cellar/avr-gcc@9/9.3.0_3/avr/include/util/delay.h **** 		__ticks = (uint16_t) (__ms * 10.0);
 198:/opt/homebrew/Cellar/avr-gcc@9/9.3.0_3/avr/include/util/delay.h **** 		while(__ticks)
 199:/opt/homebrew/Cellar/avr-gcc@9/9.3.0_3/avr/include/util/delay.h **** 		{
 200:/opt/homebrew/Cellar/avr-gcc@9/9.3.0_3/avr/include/util/delay.h **** 			// wait 1/10 ms
 201:/opt/homebrew/Cellar/avr-gcc@9/9.3.0_3/avr/include/util/delay.h **** 			_delay_loop_2(((F_CPU) / 4e3) / 10);
 202:/opt/homebrew/Cellar/avr-gcc@9/9.3.0_3/avr/include/util/delay.h **** 			__ticks --;
 203:/opt/homebrew/Cellar/avr-gcc@9/9.3.0_3/avr/include/util/delay.h **** 		}
 204:/opt/homebrew/Cellar/avr-gcc@9/9.3.0_3/avr/include/util/delay.h **** 		return;
 205:/opt/homebrew/Cellar/avr-gcc@9/9.3.0_3/avr/include/util/delay.h **** 	}
 206:/opt/homebrew/Cellar/avr-gcc@9/9.3.0_3/avr/include/util/delay.h **** 	else
 207:/opt/homebrew/Cellar/avr-gcc@9/9.3.0_3/avr/include/util/delay.h **** 		__ticks = (uint16_t)__tmp;
 208:/opt/homebrew/Cellar/avr-gcc@9/9.3.0_3/avr/include/util/delay.h **** 	_delay_loop_2(__ticks);
 209:/opt/homebrew/Cellar/avr-gcc@9/9.3.0_3/avr/include/util/delay.h **** #endif
 210:/opt/homebrew/Cellar/avr-gcc@9/9.3.0_3/avr/include/util/delay.h **** }
 570               		.loc 2 210 1 view .LVU117
 571 0230 00C0      		rjmp .L12
 572               	.LVL35:
 573               	.L6:
 574               		.loc 2 210 1 view .LVU118
 575               	.LBE18:
 576               	.LBE17:
 577               	.LBE20:
  70:main.cpp      **** 	UART.UsartPuts(buffer);		   // Versionsnummer ausgeben
 578               		.loc 1 70 2 is_stmt 1 view .LVU119
  70:main.cpp      **** 	UART.UsartPuts(buffer);		   // Versionsnummer ausgeben
 579               		.loc 1 70 9 is_stmt 0 view .LVU120
 580 0232 1F92      		push __zero_reg__
 581 0234 8F93      		push r24
 582 0236 80E0      		ldi r24,lo8(.LC1)
 583 0238 90E0      		ldi r25,hi8(.LC1)
 584               	.LVL36:
  70:main.cpp      **** 	UART.UsartPuts(buffer);		   // Versionsnummer ausgeben
 585               		.loc 1 70 9 view .LVU121
 586 023a 00C0      		rjmp .L16
 587               	.LVL37:
 588               	.L8:
 589               	.LBB21:
 590               	.LBB19:
 111:main.cpp      **** 	sendmsg.data[0]=status;			// Status in das Datenbyte 0 schreiben
 591               		.loc 1 111 2 is_stmt 1 view .LVU122
 111:main.cpp      **** 	sendmsg.data[0]=status;			// Status in das Datenbyte 0 schreiben
 592               		.loc 1 111 16 is_stmt 0 view .LVU123
 593 023c 60E0      		ldi r22,lo8(.LC7)
 594 023e 70E0      		ldi r23,hi8(.LC7)
 595 0240 CE01      		movw r24,r28
 596 0242 8357      		subi r24,115
 597 0244 9F4F      		sbci r25,-1
 598 0246 0E94 0000 		call _ZN5USART9UsartPutsEPc
 599               	.LVL38:
 112:main.cpp      **** 	can_send_message(&sendmsg);		// CAN-Nachricht versenden
 600               		.loc 1 112 2 is_stmt 1 view .LVU124
 112:main.cpp      **** 	can_send_message(&sendmsg);		// CAN-Nachricht versenden
 601               		.loc 1 112 17 is_stmt 0 view .LVU125
 602 024a EA96      		adiw r28,121-63
 603 024c FFAE      		std Y+63,r15
 604 024e EA97      		sbiw r28,121-63
 113:main.cpp      **** 	
 605               		.loc 1 113 2 is_stmt 1 view .LVU126
 113:main.cpp      **** 	
 606               		.loc 1 113 18 is_stmt 0 view .LVU127
 607 0250 CE01      		movw r24,r28
 608 0252 8B58      		subi r24,-117
 609 0254 9F4F      		sbci r25,-1
 610 0256 0E94 0000 		call can_send_message
 611               	.LVL39:
 612 025a 00C0      		rjmp .L10
 613               	.LBE19:
 614               	.LBE21:
 615               		.cfi_endproc
 616               	.LFE13:
 618               		.text
 619               	.Letext0:
 620               		.file 3 "/opt/homebrew/Cellar/avr-gcc@9/9.3.0_3/avr/include/stdint.h"
 621               		.file 4 "/opt/homebrew/Cellar/avr-gcc@9/9.3.0_3/lib/avr-gcc/9/gcc/avr/9.3.0/include/stddef.h"
 622               		.file 5 "/opt/homebrew/Cellar/avr-gcc@9/9.3.0_3/avr/include/stdio.h"
 623               		.file 6 "/opt/homebrew/Cellar/avr-gcc@9/9.3.0_3/avr/include/stdlib.h"
 624               		.file 7 "ATMega32_utility_bib.h"
 625               		.file 8 "avr-can-rfid-lib/can.h"
 626               		.file 9 "avr-can-rfid-lib/rfid.h"
DEFINED SYMBOLS
                            *ABS*:0000000000000000 main.cpp
/var/folders/t1/hcvhy4kn4wqf61nvgxt8qfpc0000gn/T//ccMvCQJ4.s:2      *ABS*:000000000000003e __SP_H__
/var/folders/t1/hcvhy4kn4wqf61nvgxt8qfpc0000gn/T//ccMvCQJ4.s:3      *ABS*:000000000000003d __SP_L__
/var/folders/t1/hcvhy4kn4wqf61nvgxt8qfpc0000gn/T//ccMvCQJ4.s:4      *ABS*:000000000000003f __SREG__
/var/folders/t1/hcvhy4kn4wqf61nvgxt8qfpc0000gn/T//ccMvCQJ4.s:5      *ABS*:0000000000000000 __tmp_reg__
/var/folders/t1/hcvhy4kn4wqf61nvgxt8qfpc0000gn/T//ccMvCQJ4.s:6      *ABS*:0000000000000001 __zero_reg__
/var/folders/t1/hcvhy4kn4wqf61nvgxt8qfpc0000gn/T//ccMvCQJ4.s:12     .text:0000000000000000 _Z23mfrc522_get_card_serialPh
/var/folders/t1/hcvhy4kn4wqf61nvgxt8qfpc0000gn/T//ccMvCQJ4.s:16     .text:0000000000000000 .Loc.0
/var/folders/t1/hcvhy4kn4wqf61nvgxt8qfpc0000gn/T//ccMvCQJ4.s:17     .text:0000000000000000 L0
/var/folders/t1/hcvhy4kn4wqf61nvgxt8qfpc0000gn/T//ccMvCQJ4.s:18     .text:0000000000000000 .Loc.1
/var/folders/t1/hcvhy4kn4wqf61nvgxt8qfpc0000gn/T//ccMvCQJ4.s:43     .text:000000000000000e L0
/var/folders/t1/hcvhy4kn4wqf61nvgxt8qfpc0000gn/T//ccMvCQJ4.s:44     .text:0000000000000010 L0
/var/folders/t1/hcvhy4kn4wqf61nvgxt8qfpc0000gn/T//ccMvCQJ4.s:56     .text:0000000000000016 .Loc.2
/var/folders/t1/hcvhy4kn4wqf61nvgxt8qfpc0000gn/T//ccMvCQJ4.s:57     .text:0000000000000016 .Loc.3
/var/folders/t1/hcvhy4kn4wqf61nvgxt8qfpc0000gn/T//ccMvCQJ4.s:58     .text:0000000000000016 .Loc.4
/var/folders/t1/hcvhy4kn4wqf61nvgxt8qfpc0000gn/T//ccMvCQJ4.s:60     .text:0000000000000016 .Loc.5
/var/folders/t1/hcvhy4kn4wqf61nvgxt8qfpc0000gn/T//ccMvCQJ4.s:61     .text:0000000000000016 .Loc.6
/var/folders/t1/hcvhy4kn4wqf61nvgxt8qfpc0000gn/T//ccMvCQJ4.s:62     .text:0000000000000016 .Loc.7
/var/folders/t1/hcvhy4kn4wqf61nvgxt8qfpc0000gn/T//ccMvCQJ4.s:66     .text:000000000000001a .Loc.8
/var/folders/t1/hcvhy4kn4wqf61nvgxt8qfpc0000gn/T//ccMvCQJ4.s:69     .text:000000000000001e .Loc.9
/var/folders/t1/hcvhy4kn4wqf61nvgxt8qfpc0000gn/T//ccMvCQJ4.s:70     .text:000000000000001e .Loc.10
/var/folders/t1/hcvhy4kn4wqf61nvgxt8qfpc0000gn/T//ccMvCQJ4.s:74     .text:0000000000000024 .Loc.11
/var/folders/t1/hcvhy4kn4wqf61nvgxt8qfpc0000gn/T//ccMvCQJ4.s:75     .text:0000000000000024 .Loc.12
/var/folders/t1/hcvhy4kn4wqf61nvgxt8qfpc0000gn/T//ccMvCQJ4.s:78     .text:0000000000000028 .Loc.13
/var/folders/t1/hcvhy4kn4wqf61nvgxt8qfpc0000gn/T//ccMvCQJ4.s:79     .text:0000000000000028 .Loc.14
/var/folders/t1/hcvhy4kn4wqf61nvgxt8qfpc0000gn/T//ccMvCQJ4.s:89     .text:000000000000003a .Loc.15
/var/folders/t1/hcvhy4kn4wqf61nvgxt8qfpc0000gn/T//ccMvCQJ4.s:98     .text:0000000000000046 .Loc.16
/var/folders/t1/hcvhy4kn4wqf61nvgxt8qfpc0000gn/T//ccMvCQJ4.s:102    .text:0000000000000048 .Loc.17
/var/folders/t1/hcvhy4kn4wqf61nvgxt8qfpc0000gn/T//ccMvCQJ4.s:103    .text:0000000000000048 .Loc.18
/var/folders/t1/hcvhy4kn4wqf61nvgxt8qfpc0000gn/T//ccMvCQJ4.s:106    .text:000000000000004a .Loc.19
/var/folders/t1/hcvhy4kn4wqf61nvgxt8qfpc0000gn/T//ccMvCQJ4.s:109    .text:000000000000004c .Loc.20
/var/folders/t1/hcvhy4kn4wqf61nvgxt8qfpc0000gn/T//ccMvCQJ4.s:110    .text:000000000000004c .Loc.21
/var/folders/t1/hcvhy4kn4wqf61nvgxt8qfpc0000gn/T//ccMvCQJ4.s:114    .text:0000000000000052 .Loc.22
/var/folders/t1/hcvhy4kn4wqf61nvgxt8qfpc0000gn/T//ccMvCQJ4.s:117    .text:0000000000000054 .Loc.23
/var/folders/t1/hcvhy4kn4wqf61nvgxt8qfpc0000gn/T//ccMvCQJ4.s:120    .text:0000000000000058 .Loc.24
/var/folders/t1/hcvhy4kn4wqf61nvgxt8qfpc0000gn/T//ccMvCQJ4.s:123    .text:000000000000005a .Loc.25
/var/folders/t1/hcvhy4kn4wqf61nvgxt8qfpc0000gn/T//ccMvCQJ4.s:126    .text:000000000000005a .Loc.26
/var/folders/t1/hcvhy4kn4wqf61nvgxt8qfpc0000gn/T//ccMvCQJ4.s:129    .text:000000000000005a .Loc.27
/var/folders/t1/hcvhy4kn4wqf61nvgxt8qfpc0000gn/T//ccMvCQJ4.s:141    .text:000000000000006e .Loc.28
/var/folders/t1/hcvhy4kn4wqf61nvgxt8qfpc0000gn/T//ccMvCQJ4.s:143    .text:0000000000000070 L0
/var/folders/t1/hcvhy4kn4wqf61nvgxt8qfpc0000gn/T//ccMvCQJ4.s:168    .text.startup:0000000000000000 main
/var/folders/t1/hcvhy4kn4wqf61nvgxt8qfpc0000gn/T//ccMvCQJ4.s:170    .text.startup:0000000000000000 .Loc.29
/var/folders/t1/hcvhy4kn4wqf61nvgxt8qfpc0000gn/T//ccMvCQJ4.s:171    .text.startup:0000000000000000 L0
/var/folders/t1/hcvhy4kn4wqf61nvgxt8qfpc0000gn/T//ccMvCQJ4.s:189    .text.startup:0000000000000012 .Loc.30
/var/folders/t1/hcvhy4kn4wqf61nvgxt8qfpc0000gn/T//ccMvCQJ4.s:190    .text.startup:0000000000000012 .Loc.31
/var/folders/t1/hcvhy4kn4wqf61nvgxt8qfpc0000gn/T//ccMvCQJ4.s:193    .text.startup:0000000000000016 .Loc.32
/var/folders/t1/hcvhy4kn4wqf61nvgxt8qfpc0000gn/T//ccMvCQJ4.s:194    .text.startup:0000000000000016 .Loc.33
/var/folders/t1/hcvhy4kn4wqf61nvgxt8qfpc0000gn/T//ccMvCQJ4.s:196    .text.startup:0000000000000018 .Loc.34
/var/folders/t1/hcvhy4kn4wqf61nvgxt8qfpc0000gn/T//ccMvCQJ4.s:197    .text.startup:0000000000000018 .Loc.35
/var/folders/t1/hcvhy4kn4wqf61nvgxt8qfpc0000gn/T//ccMvCQJ4.s:201    .text.startup:000000000000001e .Loc.36
/var/folders/t1/hcvhy4kn4wqf61nvgxt8qfpc0000gn/T//ccMvCQJ4.s:202    .text.startup:000000000000001e .Loc.37
/var/folders/t1/hcvhy4kn4wqf61nvgxt8qfpc0000gn/T//ccMvCQJ4.s:205    .text.startup:0000000000000022 .Loc.38
/var/folders/t1/hcvhy4kn4wqf61nvgxt8qfpc0000gn/T//ccMvCQJ4.s:206    .text.startup:0000000000000022 .Loc.39
/var/folders/t1/hcvhy4kn4wqf61nvgxt8qfpc0000gn/T//ccMvCQJ4.s:221    .text.startup:000000000000003e .Loc.40
/var/folders/t1/hcvhy4kn4wqf61nvgxt8qfpc0000gn/T//ccMvCQJ4.s:222    .text.startup:000000000000003e .Loc.41
/var/folders/t1/hcvhy4kn4wqf61nvgxt8qfpc0000gn/T//ccMvCQJ4.s:223    .text.startup:000000000000003e .Loc.42
/var/folders/t1/hcvhy4kn4wqf61nvgxt8qfpc0000gn/T//ccMvCQJ4.s:224    .text.startup:000000000000003e .Loc.43
/var/folders/t1/hcvhy4kn4wqf61nvgxt8qfpc0000gn/T//ccMvCQJ4.s:225    .text.startup:000000000000003e .Loc.44
/var/folders/t1/hcvhy4kn4wqf61nvgxt8qfpc0000gn/T//ccMvCQJ4.s:226    .text.startup:000000000000003e .Loc.45
/var/folders/t1/hcvhy4kn4wqf61nvgxt8qfpc0000gn/T//ccMvCQJ4.s:227    .text.startup:000000000000003e .Loc.46
/var/folders/t1/hcvhy4kn4wqf61nvgxt8qfpc0000gn/T//ccMvCQJ4.s:234    .text.startup:000000000000004a .Loc.47
/var/folders/t1/hcvhy4kn4wqf61nvgxt8qfpc0000gn/T//ccMvCQJ4.s:235    .text.startup:000000000000004a .Loc.48
/var/folders/t1/hcvhy4kn4wqf61nvgxt8qfpc0000gn/T//ccMvCQJ4.s:243    .text.startup:0000000000000058 .Loc.49
/var/folders/t1/hcvhy4kn4wqf61nvgxt8qfpc0000gn/T//ccMvCQJ4.s:244    .text.startup:0000000000000058 .Loc.50
/var/folders/t1/hcvhy4kn4wqf61nvgxt8qfpc0000gn/T//ccMvCQJ4.s:249    .text.startup:0000000000000060 .Loc.51
/var/folders/t1/hcvhy4kn4wqf61nvgxt8qfpc0000gn/T//ccMvCQJ4.s:250    .text.startup:0000000000000060 .Loc.52
/var/folders/t1/hcvhy4kn4wqf61nvgxt8qfpc0000gn/T//ccMvCQJ4.s:254    .text.startup:0000000000000066 .Loc.53
/var/folders/t1/hcvhy4kn4wqf61nvgxt8qfpc0000gn/T//ccMvCQJ4.s:259    .text.startup:0000000000000070 L0
/var/folders/t1/hcvhy4kn4wqf61nvgxt8qfpc0000gn/T//ccMvCQJ4.s:261    .text.startup:0000000000000072 .Loc.54
/var/folders/t1/hcvhy4kn4wqf61nvgxt8qfpc0000gn/T//ccMvCQJ4.s:262    .text.startup:0000000000000072 .Loc.55
/var/folders/t1/hcvhy4kn4wqf61nvgxt8qfpc0000gn/T//ccMvCQJ4.s:269    .text.startup:000000000000007a .Loc.56
/var/folders/t1/hcvhy4kn4wqf61nvgxt8qfpc0000gn/T//ccMvCQJ4.s:276    .text.startup:0000000000000086 .Loc.57
/var/folders/t1/hcvhy4kn4wqf61nvgxt8qfpc0000gn/T//ccMvCQJ4.s:277    .text.startup:0000000000000086 .Loc.58
/var/folders/t1/hcvhy4kn4wqf61nvgxt8qfpc0000gn/T//ccMvCQJ4.s:290    .text.startup:000000000000009e .Loc.59
/var/folders/t1/hcvhy4kn4wqf61nvgxt8qfpc0000gn/T//ccMvCQJ4.s:291    .text.startup:000000000000009e .Loc.60
/var/folders/t1/hcvhy4kn4wqf61nvgxt8qfpc0000gn/T//ccMvCQJ4.s:302    .text.startup:00000000000000ac .Loc.61
/var/folders/t1/hcvhy4kn4wqf61nvgxt8qfpc0000gn/T//ccMvCQJ4.s:307    .text.startup:00000000000000b4 .Loc.62
/var/folders/t1/hcvhy4kn4wqf61nvgxt8qfpc0000gn/T//ccMvCQJ4.s:312    .text.startup:00000000000000bc .Loc.63
/var/folders/t1/hcvhy4kn4wqf61nvgxt8qfpc0000gn/T//ccMvCQJ4.s:317    .text.startup:00000000000000c0 .Loc.64
/var/folders/t1/hcvhy4kn4wqf61nvgxt8qfpc0000gn/T//ccMvCQJ4.s:323    .text.startup:00000000000000c8 .Loc.65
/var/folders/t1/hcvhy4kn4wqf61nvgxt8qfpc0000gn/T//ccMvCQJ4.s:325    .text.startup:00000000000000c8 .Loc.66
/var/folders/t1/hcvhy4kn4wqf61nvgxt8qfpc0000gn/T//ccMvCQJ4.s:327    .text.startup:00000000000000c8 .Loc.67
/var/folders/t1/hcvhy4kn4wqf61nvgxt8qfpc0000gn/T//ccMvCQJ4.s:328    .text.startup:00000000000000c8 .Loc.68
/var/folders/t1/hcvhy4kn4wqf61nvgxt8qfpc0000gn/T//ccMvCQJ4.s:337    .text.startup:00000000000000d6 .Loc.69
/var/folders/t1/hcvhy4kn4wqf61nvgxt8qfpc0000gn/T//ccMvCQJ4.s:343    .text.startup:00000000000000dc .Loc.70
/var/folders/t1/hcvhy4kn4wqf61nvgxt8qfpc0000gn/T//ccMvCQJ4.s:344    .text.startup:00000000000000dc .Loc.71
/var/folders/t1/hcvhy4kn4wqf61nvgxt8qfpc0000gn/T//ccMvCQJ4.s:352    .text.startup:00000000000000ea .Loc.72
/var/folders/t1/hcvhy4kn4wqf61nvgxt8qfpc0000gn/T//ccMvCQJ4.s:358    .text.startup:00000000000000f4 .Loc.73
/var/folders/t1/hcvhy4kn4wqf61nvgxt8qfpc0000gn/T//ccMvCQJ4.s:359    .text.startup:00000000000000f4 .Loc.74
/var/folders/t1/hcvhy4kn4wqf61nvgxt8qfpc0000gn/T//ccMvCQJ4.s:368    .text.startup:0000000000000102 .Loc.75
/var/folders/t1/hcvhy4kn4wqf61nvgxt8qfpc0000gn/T//ccMvCQJ4.s:369    .text.startup:0000000000000102 .Loc.76
/var/folders/t1/hcvhy4kn4wqf61nvgxt8qfpc0000gn/T//ccMvCQJ4.s:386    .text.startup:0000000000000122 .Loc.77
/var/folders/t1/hcvhy4kn4wqf61nvgxt8qfpc0000gn/T//ccMvCQJ4.s:387    .text.startup:0000000000000122 .Loc.78
/var/folders/t1/hcvhy4kn4wqf61nvgxt8qfpc0000gn/T//ccMvCQJ4.s:394    .text.startup:000000000000012e .Loc.79
/var/folders/t1/hcvhy4kn4wqf61nvgxt8qfpc0000gn/T//ccMvCQJ4.s:395    .text.startup:000000000000012e .Loc.80
/var/folders/t1/hcvhy4kn4wqf61nvgxt8qfpc0000gn/T//ccMvCQJ4.s:401    .text.startup:0000000000000138 .Loc.81
/var/folders/t1/hcvhy4kn4wqf61nvgxt8qfpc0000gn/T//ccMvCQJ4.s:402    .text.startup:0000000000000138 .Loc.82
/var/folders/t1/hcvhy4kn4wqf61nvgxt8qfpc0000gn/T//ccMvCQJ4.s:429    .text.startup:000000000000016c .Loc.83
/var/folders/t1/hcvhy4kn4wqf61nvgxt8qfpc0000gn/T//ccMvCQJ4.s:430    .text.startup:000000000000016c .Loc.84
/var/folders/t1/hcvhy4kn4wqf61nvgxt8qfpc0000gn/T//ccMvCQJ4.s:437    .text.startup:0000000000000178 .Loc.85
/var/folders/t1/hcvhy4kn4wqf61nvgxt8qfpc0000gn/T//ccMvCQJ4.s:438    .text.startup:0000000000000178 .Loc.86
/var/folders/t1/hcvhy4kn4wqf61nvgxt8qfpc0000gn/T//ccMvCQJ4.s:442    .text.startup:000000000000017e .Loc.87
/var/folders/t1/hcvhy4kn4wqf61nvgxt8qfpc0000gn/T//ccMvCQJ4.s:443    .text.startup:000000000000017e .Loc.88
/var/folders/t1/hcvhy4kn4wqf61nvgxt8qfpc0000gn/T//ccMvCQJ4.s:450    .text.startup:000000000000018a .Loc.89
/var/folders/t1/hcvhy4kn4wqf61nvgxt8qfpc0000gn/T//ccMvCQJ4.s:451    .text.startup:000000000000018a .Loc.90
/var/folders/t1/hcvhy4kn4wqf61nvgxt8qfpc0000gn/T//ccMvCQJ4.s:458    .text.startup:0000000000000196 .Loc.91
/var/folders/t1/hcvhy4kn4wqf61nvgxt8qfpc0000gn/T//ccMvCQJ4.s:459    .text.startup:0000000000000196 .Loc.92
/var/folders/t1/hcvhy4kn4wqf61nvgxt8qfpc0000gn/T//ccMvCQJ4.s:466    .text.startup:00000000000001a2 .Loc.93
/var/folders/t1/hcvhy4kn4wqf61nvgxt8qfpc0000gn/T//ccMvCQJ4.s:467    .text.startup:00000000000001a2 .Loc.94
/var/folders/t1/hcvhy4kn4wqf61nvgxt8qfpc0000gn/T//ccMvCQJ4.s:474    .text.startup:00000000000001ae .Loc.95
/var/folders/t1/hcvhy4kn4wqf61nvgxt8qfpc0000gn/T//ccMvCQJ4.s:475    .text.startup:00000000000001ae .Loc.96
/var/folders/t1/hcvhy4kn4wqf61nvgxt8qfpc0000gn/T//ccMvCQJ4.s:489    .text.startup:00000000000001c2 .Loc.97
/var/folders/t1/hcvhy4kn4wqf61nvgxt8qfpc0000gn/T//ccMvCQJ4.s:490    .text.startup:00000000000001c2 .Loc.98
/var/folders/t1/hcvhy4kn4wqf61nvgxt8qfpc0000gn/T//ccMvCQJ4.s:498    .text.startup:00000000000001d0 .Loc.99
/var/folders/t1/hcvhy4kn4wqf61nvgxt8qfpc0000gn/T//ccMvCQJ4.s:499    .text.startup:00000000000001d0 .Loc.100
/var/folders/t1/hcvhy4kn4wqf61nvgxt8qfpc0000gn/T//ccMvCQJ4.s:502    .text.startup:00000000000001d4 .Loc.101
/var/folders/t1/hcvhy4kn4wqf61nvgxt8qfpc0000gn/T//ccMvCQJ4.s:505    .text.startup:00000000000001d8 .Loc.102
/var/folders/t1/hcvhy4kn4wqf61nvgxt8qfpc0000gn/T//ccMvCQJ4.s:506    .text.startup:00000000000001d8 .Loc.103
/var/folders/t1/hcvhy4kn4wqf61nvgxt8qfpc0000gn/T//ccMvCQJ4.s:512    .text.startup:00000000000001e2 .Loc.104
/var/folders/t1/hcvhy4kn4wqf61nvgxt8qfpc0000gn/T//ccMvCQJ4.s:513    .text.startup:00000000000001e2 .Loc.105
/var/folders/t1/hcvhy4kn4wqf61nvgxt8qfpc0000gn/T//ccMvCQJ4.s:532    .text.startup:0000000000000206 .Loc.106
/var/folders/t1/hcvhy4kn4wqf61nvgxt8qfpc0000gn/T//ccMvCQJ4.s:533    .text.startup:0000000000000206 .Loc.107
/var/folders/t1/hcvhy4kn4wqf61nvgxt8qfpc0000gn/T//ccMvCQJ4.s:547    .text.startup:000000000000021e .Loc.108
/var/folders/t1/hcvhy4kn4wqf61nvgxt8qfpc0000gn/T//ccMvCQJ4.s:552    .text.startup:000000000000021e .Loc.109
/var/folders/t1/hcvhy4kn4wqf61nvgxt8qfpc0000gn/T//ccMvCQJ4.s:554    .text.startup:000000000000021e .Loc.110
/var/folders/t1/hcvhy4kn4wqf61nvgxt8qfpc0000gn/T//ccMvCQJ4.s:555    .text.startup:000000000000021e .Loc.111
/var/folders/t1/hcvhy4kn4wqf61nvgxt8qfpc0000gn/T//ccMvCQJ4.s:556    .text.startup:000000000000021e .Loc.112
/var/folders/t1/hcvhy4kn4wqf61nvgxt8qfpc0000gn/T//ccMvCQJ4.s:557    .text.startup:000000000000021e .Loc.113
/var/folders/t1/hcvhy4kn4wqf61nvgxt8qfpc0000gn/T//ccMvCQJ4.s:558    .text.startup:000000000000021e .Loc.114
/var/folders/t1/hcvhy4kn4wqf61nvgxt8qfpc0000gn/T//ccMvCQJ4.s:559    .text.startup:000000000000021e .Loc.115
/var/folders/t1/hcvhy4kn4wqf61nvgxt8qfpc0000gn/T//ccMvCQJ4.s:560    .text.startup:000000000000021e .Loc.116
/var/folders/t1/hcvhy4kn4wqf61nvgxt8qfpc0000gn/T//ccMvCQJ4.s:568    .text.startup:000000000000022e L0
/var/folders/t1/hcvhy4kn4wqf61nvgxt8qfpc0000gn/T//ccMvCQJ4.s:570    .text.startup:0000000000000230 .Loc.117
/var/folders/t1/hcvhy4kn4wqf61nvgxt8qfpc0000gn/T//ccMvCQJ4.s:574    .text.startup:0000000000000232 .Loc.118
/var/folders/t1/hcvhy4kn4wqf61nvgxt8qfpc0000gn/T//ccMvCQJ4.s:578    .text.startup:0000000000000232 .Loc.119
/var/folders/t1/hcvhy4kn4wqf61nvgxt8qfpc0000gn/T//ccMvCQJ4.s:579    .text.startup:0000000000000232 .Loc.120
/var/folders/t1/hcvhy4kn4wqf61nvgxt8qfpc0000gn/T//ccMvCQJ4.s:585    .text.startup:000000000000023a .Loc.121
/var/folders/t1/hcvhy4kn4wqf61nvgxt8qfpc0000gn/T//ccMvCQJ4.s:591    .text.startup:000000000000023c .Loc.122
/var/folders/t1/hcvhy4kn4wqf61nvgxt8qfpc0000gn/T//ccMvCQJ4.s:592    .text.startup:000000000000023c .Loc.123
/var/folders/t1/hcvhy4kn4wqf61nvgxt8qfpc0000gn/T//ccMvCQJ4.s:600    .text.startup:000000000000024a .Loc.124
/var/folders/t1/hcvhy4kn4wqf61nvgxt8qfpc0000gn/T//ccMvCQJ4.s:601    .text.startup:000000000000024a .Loc.125
/var/folders/t1/hcvhy4kn4wqf61nvgxt8qfpc0000gn/T//ccMvCQJ4.s:605    .text.startup:0000000000000250 .Loc.126
/var/folders/t1/hcvhy4kn4wqf61nvgxt8qfpc0000gn/T//ccMvCQJ4.s:606    .text.startup:0000000000000250 .Loc.127
/var/folders/t1/hcvhy4kn4wqf61nvgxt8qfpc0000gn/T//ccMvCQJ4.s:615    .text.startup:000000000000025c L0
/var/folders/t1/hcvhy4kn4wqf61nvgxt8qfpc0000gn/T//ccMvCQJ4.s:627    .text:0000000000000070 L0
/var/folders/t1/hcvhy4kn4wqf61nvgxt8qfpc0000gn/T//ccMvCQJ4.s:618    .text.startup:000000000000025c L0
                     .debug_frame:0000000000000000 L0
/var/folders/t1/hcvhy4kn4wqf61nvgxt8qfpc0000gn/T//ccMvCQJ4.s:127    .text:000000000000005a .L1
/var/folders/t1/hcvhy4kn4wqf61nvgxt8qfpc0000gn/T//ccMvCQJ4.s:100    .text:0000000000000048 .L3
/var/folders/t1/hcvhy4kn4wqf61nvgxt8qfpc0000gn/T//ccMvCQJ4.s:573    .text.startup:0000000000000232 .L6
/var/folders/t1/hcvhy4kn4wqf61nvgxt8qfpc0000gn/T//ccMvCQJ4.s:588    .text.startup:000000000000023c .L8
/var/folders/t1/hcvhy4kn4wqf61nvgxt8qfpc0000gn/T//ccMvCQJ4.s:367    .text.startup:0000000000000102 .L9
/var/folders/t1/hcvhy4kn4wqf61nvgxt8qfpc0000gn/T//ccMvCQJ4.s:546    .text.startup:000000000000021e .L11
/var/folders/t1/hcvhy4kn4wqf61nvgxt8qfpc0000gn/T//ccMvCQJ4.s:564    .text.startup:0000000000000224 .L11
/var/folders/t1/hcvhy4kn4wqf61nvgxt8qfpc0000gn/T//ccMvCQJ4.s:322    .text.startup:00000000000000c8 .L12
/var/folders/t1/hcvhy4kn4wqf61nvgxt8qfpc0000gn/T//ccMvCQJ4.s:268    .text.startup:000000000000007a .L16
/var/folders/t1/hcvhy4kn4wqf61nvgxt8qfpc0000gn/T//ccMvCQJ4.s:487    .text.startup:00000000000001c2 .L10
/var/folders/t1/hcvhy4kn4wqf61nvgxt8qfpc0000gn/T//ccMvCQJ4.s:1907   .debug_abbrev:0000000000000000 .Ldebug_abbrev0
/var/folders/t1/hcvhy4kn4wqf61nvgxt8qfpc0000gn/T//ccMvCQJ4.s:2966   .debug_ranges:0000000000000000 .Ldebug_ranges0
/var/folders/t1/hcvhy4kn4wqf61nvgxt8qfpc0000gn/T//ccMvCQJ4.s:2980   .debug_line:0000000000000000 .Ldebug_line0
/var/folders/t1/hcvhy4kn4wqf61nvgxt8qfpc0000gn/T//ccMvCQJ4.s:169    .text.startup:0000000000000000 .LFB13
/var/folders/t1/hcvhy4kn4wqf61nvgxt8qfpc0000gn/T//ccMvCQJ4.s:616    .text.startup:000000000000025c .LFE13
/var/folders/t1/hcvhy4kn4wqf61nvgxt8qfpc0000gn/T//ccMvCQJ4.s:2697   .debug_loc:0000000000000000 .LLST5
/var/folders/t1/hcvhy4kn4wqf61nvgxt8qfpc0000gn/T//ccMvCQJ4.s:2729   .debug_loc:000000000000003a .LLST6
/var/folders/t1/hcvhy4kn4wqf61nvgxt8qfpc0000gn/T//ccMvCQJ4.s:2716   .debug_loc:000000000000002e .LVUS6
/var/folders/t1/hcvhy4kn4wqf61nvgxt8qfpc0000gn/T//ccMvCQJ4.s:351    .text.startup:00000000000000ea .LVL21
/var/folders/t1/hcvhy4kn4wqf61nvgxt8qfpc0000gn/T//ccMvCQJ4.s:366    .text.startup:0000000000000102 .LVL22
/var/folders/t1/hcvhy4kn4wqf61nvgxt8qfpc0000gn/T//ccMvCQJ4.s:385    .text.startup:0000000000000122 .LVL23
/var/folders/t1/hcvhy4kn4wqf61nvgxt8qfpc0000gn/T//ccMvCQJ4.s:393    .text.startup:000000000000012e .LVL24
/var/folders/t1/hcvhy4kn4wqf61nvgxt8qfpc0000gn/T//ccMvCQJ4.s:400    .text.startup:0000000000000138 .LVL25
/var/folders/t1/hcvhy4kn4wqf61nvgxt8qfpc0000gn/T//ccMvCQJ4.s:428    .text.startup:000000000000016c .LVL26
/var/folders/t1/hcvhy4kn4wqf61nvgxt8qfpc0000gn/T//ccMvCQJ4.s:436    .text.startup:0000000000000178 .LVL27
/var/folders/t1/hcvhy4kn4wqf61nvgxt8qfpc0000gn/T//ccMvCQJ4.s:480    .text.startup:00000000000001b8 .LVL28
/var/folders/t1/hcvhy4kn4wqf61nvgxt8qfpc0000gn/T//ccMvCQJ4.s:550    .text.startup:000000000000021e .LBI17
/var/folders/t1/hcvhy4kn4wqf61nvgxt8qfpc0000gn/T//ccMvCQJ4.s:549    .text.startup:000000000000021e .LBB17
/var/folders/t1/hcvhy4kn4wqf61nvgxt8qfpc0000gn/T//ccMvCQJ4.s:576    .text.startup:0000000000000232 .LBE17
/var/folders/t1/hcvhy4kn4wqf61nvgxt8qfpc0000gn/T//ccMvCQJ4.s:2762   .debug_loc:0000000000000089 .LLST7
/var/folders/t1/hcvhy4kn4wqf61nvgxt8qfpc0000gn/T//ccMvCQJ4.s:2759   .debug_loc:0000000000000087 .LVUS7
/var/folders/t1/hcvhy4kn4wqf61nvgxt8qfpc0000gn/T//ccMvCQJ4.s:2774   .debug_loc:00000000000000a3 .LLST8
/var/folders/t1/hcvhy4kn4wqf61nvgxt8qfpc0000gn/T//ccMvCQJ4.s:2771   .debug_loc:00000000000000a1 .LVUS8
/var/folders/t1/hcvhy4kn4wqf61nvgxt8qfpc0000gn/T//ccMvCQJ4.s:2786   .debug_loc:00000000000000bd .LLST9
/var/folders/t1/hcvhy4kn4wqf61nvgxt8qfpc0000gn/T//ccMvCQJ4.s:2783   .debug_loc:00000000000000bb .LVUS9
/var/folders/t1/hcvhy4kn4wqf61nvgxt8qfpc0000gn/T//ccMvCQJ4.s:200    .text.startup:000000000000001e .LVL11
/var/folders/t1/hcvhy4kn4wqf61nvgxt8qfpc0000gn/T//ccMvCQJ4.s:204    .text.startup:0000000000000022 .LVL12
/var/folders/t1/hcvhy4kn4wqf61nvgxt8qfpc0000gn/T//ccMvCQJ4.s:220    .text.startup:000000000000003e .LVL13
/var/folders/t1/hcvhy4kn4wqf61nvgxt8qfpc0000gn/T//ccMvCQJ4.s:253    .text.startup:0000000000000066 .LVL14
/var/folders/t1/hcvhy4kn4wqf61nvgxt8qfpc0000gn/T//ccMvCQJ4.s:275    .text.startup:0000000000000086 .LVL16
/var/folders/t1/hcvhy4kn4wqf61nvgxt8qfpc0000gn/T//ccMvCQJ4.s:283    .text.startup:0000000000000092 .LVL17
/var/folders/t1/hcvhy4kn4wqf61nvgxt8qfpc0000gn/T//ccMvCQJ4.s:298    .text.startup:00000000000000ac .LVL18
/var/folders/t1/hcvhy4kn4wqf61nvgxt8qfpc0000gn/T//ccMvCQJ4.s:334    .text.startup:00000000000000d4 .LVL19
/var/folders/t1/hcvhy4kn4wqf61nvgxt8qfpc0000gn/T//ccMvCQJ4.s:497    .text.startup:00000000000001d0 .LVL29
/var/folders/t1/hcvhy4kn4wqf61nvgxt8qfpc0000gn/T//ccMvCQJ4.s:501    .text.startup:00000000000001d4 .LVL30
/var/folders/t1/hcvhy4kn4wqf61nvgxt8qfpc0000gn/T//ccMvCQJ4.s:511    .text.startup:00000000000001e2 .LVL31
/var/folders/t1/hcvhy4kn4wqf61nvgxt8qfpc0000gn/T//ccMvCQJ4.s:531    .text.startup:0000000000000206 .LVL32
/var/folders/t1/hcvhy4kn4wqf61nvgxt8qfpc0000gn/T//ccMvCQJ4.s:539    .text.startup:0000000000000212 .LVL33
/var/folders/t1/hcvhy4kn4wqf61nvgxt8qfpc0000gn/T//ccMvCQJ4.s:599    .text.startup:000000000000024a .LVL38
/var/folders/t1/hcvhy4kn4wqf61nvgxt8qfpc0000gn/T//ccMvCQJ4.s:611    .text.startup:000000000000025a .LVL39
/var/folders/t1/hcvhy4kn4wqf61nvgxt8qfpc0000gn/T//ccMvCQJ4.s:14     .text:0000000000000000 .LFB12
/var/folders/t1/hcvhy4kn4wqf61nvgxt8qfpc0000gn/T//ccMvCQJ4.s:144    .text:0000000000000070 .LFE12
/var/folders/t1/hcvhy4kn4wqf61nvgxt8qfpc0000gn/T//ccMvCQJ4.s:2795   .debug_loc:00000000000000d5 .LLST0
/var/folders/t1/hcvhy4kn4wqf61nvgxt8qfpc0000gn/T//ccMvCQJ4.s:2858   .debug_loc:0000000000000157 .LLST1
/var/folders/t1/hcvhy4kn4wqf61nvgxt8qfpc0000gn/T//ccMvCQJ4.s:2851   .debug_loc:0000000000000151 .LVUS1
/var/folders/t1/hcvhy4kn4wqf61nvgxt8qfpc0000gn/T//ccMvCQJ4.s:2891   .debug_loc:0000000000000191 .LLST2
/var/folders/t1/hcvhy4kn4wqf61nvgxt8qfpc0000gn/T//ccMvCQJ4.s:2886   .debug_loc:000000000000018d .LVUS2
/var/folders/t1/hcvhy4kn4wqf61nvgxt8qfpc0000gn/T//ccMvCQJ4.s:96     .text:0000000000000046 .LBB10
/var/folders/t1/hcvhy4kn4wqf61nvgxt8qfpc0000gn/T//ccMvCQJ4.s:125    .text:000000000000005a .LBE10
/var/folders/t1/hcvhy4kn4wqf61nvgxt8qfpc0000gn/T//ccMvCQJ4.s:2910   .debug_loc:00000000000001b6 .LLST3
/var/folders/t1/hcvhy4kn4wqf61nvgxt8qfpc0000gn/T//ccMvCQJ4.s:2903   .debug_loc:00000000000001b0 .LVUS3
/var/folders/t1/hcvhy4kn4wqf61nvgxt8qfpc0000gn/T//ccMvCQJ4.s:2944   .debug_loc:00000000000001f1 .LLST4
/var/folders/t1/hcvhy4kn4wqf61nvgxt8qfpc0000gn/T//ccMvCQJ4.s:2941   .debug_loc:00000000000001ef .LVUS4
/var/folders/t1/hcvhy4kn4wqf61nvgxt8qfpc0000gn/T//ccMvCQJ4.s:68     .text:000000000000001e .LVL3
/var/folders/t1/hcvhy4kn4wqf61nvgxt8qfpc0000gn/T//ccMvCQJ4.s:88     .text:000000000000003a .LVL4
/var/folders/t1/hcvhy4kn4wqf61nvgxt8qfpc0000gn/T//ccMvCQJ4.s:174    .text.startup:0000000000000004 .LCFI8
/var/folders/t1/hcvhy4kn4wqf61nvgxt8qfpc0000gn/T//ccMvCQJ4.s:178    .text.startup:0000000000000008 .LCFI9
/var/folders/t1/hcvhy4kn4wqf61nvgxt8qfpc0000gn/T//ccMvCQJ4.s:267    .text.startup:000000000000007a .LVL15
/var/folders/t1/hcvhy4kn4wqf61nvgxt8qfpc0000gn/T//ccMvCQJ4.s:336    .text.startup:00000000000000d6 .LVL20
/var/folders/t1/hcvhy4kn4wqf61nvgxt8qfpc0000gn/T//ccMvCQJ4.s:572    .text.startup:0000000000000232 .LVL35
/var/folders/t1/hcvhy4kn4wqf61nvgxt8qfpc0000gn/T//ccMvCQJ4.s:584    .text.startup:000000000000023a .LVL36
/var/folders/t1/hcvhy4kn4wqf61nvgxt8qfpc0000gn/T//ccMvCQJ4.s:587    .text.startup:000000000000023c .LVL37
/var/folders/t1/hcvhy4kn4wqf61nvgxt8qfpc0000gn/T//ccMvCQJ4.s:548    .text.startup:000000000000021e .LVL34
/var/folders/t1/hcvhy4kn4wqf61nvgxt8qfpc0000gn/T//ccMvCQJ4.s:20     .text:0000000000000002 .LCFI0
/var/folders/t1/hcvhy4kn4wqf61nvgxt8qfpc0000gn/T//ccMvCQJ4.s:24     .text:0000000000000004 .LCFI1
/var/folders/t1/hcvhy4kn4wqf61nvgxt8qfpc0000gn/T//ccMvCQJ4.s:28     .text:0000000000000006 .LCFI2
/var/folders/t1/hcvhy4kn4wqf61nvgxt8qfpc0000gn/T//ccMvCQJ4.s:32     .text:0000000000000008 .LCFI3
/var/folders/t1/hcvhy4kn4wqf61nvgxt8qfpc0000gn/T//ccMvCQJ4.s:36     .text:000000000000000a .LCFI4
/var/folders/t1/hcvhy4kn4wqf61nvgxt8qfpc0000gn/T//ccMvCQJ4.s:40     .text:000000000000000c .LCFI5
/var/folders/t1/hcvhy4kn4wqf61nvgxt8qfpc0000gn/T//ccMvCQJ4.s:45     .text:0000000000000010 .LCFI6
/var/folders/t1/hcvhy4kn4wqf61nvgxt8qfpc0000gn/T//ccMvCQJ4.s:49     .text:0000000000000014 .LCFI7
/var/folders/t1/hcvhy4kn4wqf61nvgxt8qfpc0000gn/T//ccMvCQJ4.s:13     .text:0000000000000000 .LVL0
/var/folders/t1/hcvhy4kn4wqf61nvgxt8qfpc0000gn/T//ccMvCQJ4.s:65     .text:000000000000001a .LVL2
/var/folders/t1/hcvhy4kn4wqf61nvgxt8qfpc0000gn/T//ccMvCQJ4.s:140    .text:000000000000006e .LVL10
/var/folders/t1/hcvhy4kn4wqf61nvgxt8qfpc0000gn/T//ccMvCQJ4.s:122    .text:000000000000005a .LVL9
/var/folders/t1/hcvhy4kn4wqf61nvgxt8qfpc0000gn/T//ccMvCQJ4.s:101    .text:0000000000000048 .LVL5
/var/folders/t1/hcvhy4kn4wqf61nvgxt8qfpc0000gn/T//ccMvCQJ4.s:105    .text:000000000000004a .LVL6
/var/folders/t1/hcvhy4kn4wqf61nvgxt8qfpc0000gn/T//ccMvCQJ4.s:108    .text:000000000000004c .LVL7
/var/folders/t1/hcvhy4kn4wqf61nvgxt8qfpc0000gn/T//ccMvCQJ4.s:116    .text:0000000000000054 .LVL8
/var/folders/t1/hcvhy4kn4wqf61nvgxt8qfpc0000gn/T//ccMvCQJ4.s:628    .debug_info:0000000000000000 .Ldebug_info0
/var/folders/t1/hcvhy4kn4wqf61nvgxt8qfpc0000gn/T//ccMvCQJ4.s:8      .text:0000000000000000 .Ltext0
/var/folders/t1/hcvhy4kn4wqf61nvgxt8qfpc0000gn/T//ccMvCQJ4.s:619    .text:0000000000000070 .Letext0
/var/folders/t1/hcvhy4kn4wqf61nvgxt8qfpc0000gn/T//ccMvCQJ4.s:301    .text.startup:00000000000000ac .LBB14
/var/folders/t1/hcvhy4kn4wqf61nvgxt8qfpc0000gn/T//ccMvCQJ4.s:315    .text.startup:00000000000000c0 .LBE14
/var/folders/t1/hcvhy4kn4wqf61nvgxt8qfpc0000gn/T//ccMvCQJ4.s:342    .text.startup:00000000000000dc .LBB15
/var/folders/t1/hcvhy4kn4wqf61nvgxt8qfpc0000gn/T//ccMvCQJ4.s:481    .text.startup:00000000000001b8 .LBE15

UNDEFINED SYMBOLS
mfrc522_write
mfrc522_to_card
can_init
mfrc522_init
_ZN5USARTC1Ehhhm
mfrc522_read
sprintf
_ZN5USART9UsartPutsEPc
mfrc522_request
can_send_message
can_check_message
can_get_message
__do_copy_data
